


<!DOCTYPE html>
<html lang="en">
<head>
	<meta charset="utf-8" />
	<title>ExtentReports</title>
	<meta name="description" content="extent" />
	<meta name="viewport" content="width=device-width, initial-scale=1, maximum-scale=1, minimal-ui" />
	<meta http-equiv="X-UA-Compatible" content="IE=edge">
	<meta name="apple-mobile-web-app-capable" content="yes">
	<meta name="apple-mobile-web-app-status-barstyle" content="black-translucent">
	<meta name="apple-mobile-web-app-title" content="extent">
	<meta name="mobile-web-app-capable" content="yes">
	<link rel="stylesheet" href="https://cdnjs.cloudflare.com/ajax/libs/font-awesome/4.7.0/css/font-awesome.min.css">
	<link rel="stylesheet" href="https://cdn.rawgit.com/extent-framework/extent-github-cdn/d74480e/logger/css/logger-style.css" type="text/css" />
</head>
	<script type="text/javascript">
		/*! json-tree - v0.2.2 - 2017-09-25, MIT LICENSE */
		var JSONTree=function(){var n={"&":"&amp;","<":"&lt;",">":"&gt;",'"':"&quot;","'":"&#x27;","/":"&#x2F;"},t=0,r=0;this.create=function(n,t){return r+=1,N(u(n,0,!1),{class:"jstValue"})};var e=function(t){return t.replace(/[&<>'"]/g,function(t){return n[t]})},s=function(){return r+"_"+t++},u=function(n,t,r){if(null===n)return f(r?t:0);switch(typeof n){case"boolean":return l(n,r?t:0);case"number":return i(n,r?t:0);case"string":return o(n,r?t:0);default:return n instanceof Array?a(n,t,r):c(n,t,r)}},c=function(n,t,r){var e=s(),u=Object.keys(n).map(function(r){return j(r,n[r],t+1,!0)}).join(m()),c=[g("{",r?t:0,e),N(u,{id:e}),p("}",t)].join("\n");return N(c,{})},a=function(n,t,r){var e=s(),c=n.map(function(n){return u(n,t+1,!0)}).join(m());return[g("[",r?t:0,e),N(c,{id:e}),p("]",t)].join("\n")},o=function(n,t){var r=e(JSON.stringify(n));return N(v(r,t),{class:"jstStr"})},i=function(n,t){return N(v(n,t),{class:"jstNum"})},l=function(n,t){return N(v(n,t),{class:"jstBool"})},f=function(n){return N(v("null",n),{class:"jstNull"})},j=function(n,t,r){var s=v(e(JSON.stringify(n))+": ",r),c=N(u(t,r,!1),{});return N(s+c,{class:"jstProperty"})},m=function(){return N(",\n",{class:"jstComma"})},N=function(n,t){return d("span",t,n)},d=function(n,t,r){return"<"+n+Object.keys(t).map(function(n){return" "+n+'="'+t[n]+'"'}).join("")+">"+r+"</"+n+">"},g=function(n,t,r){return N(v(n,t),{class:"jstBracket"})+N("",{class:"jstFold",onclick:"JSONTree.toggle('"+r+"')"})};this.toggle=function(n){var t=document.getElementById(n),r=t.parentNode,e=t.previousElementSibling;""===t.className?(t.className="jstHiddenBlock",r.className="jstFolded",e.className="jstExpand"):(t.className="",r.className="",e.className="jstFold")};var p=function(n,t){return N(v(n,t),{})},v=function(n,t){return Array(2*t+1).join(" ")+n};return this}();
	</script>
	<body class="standard">
		<div class="app" id="app">
<div id="aside" class="app-aside fade box-shadow-x folded dark">
	<div class="sidenav modal-dialog dk">
		<div class="navbar">
			<a href="#" class="navbar-brand">
			<span class="d-inline small"><img src="https://cdn.rawgit.com/extent-framework/extent-github-cdn/d74480e/commons/img/logo.png"></span>
			</a>
		</div>
		<div class="flex hide-scroll">
			<div class="scroll">
				<div class="nav-border b-primary">
					<ul class="nav bg">
						<li>
							<a href="index.html">
							<span class="nav-icon">
							<i class="fa fa-align-left"></i>
							</span>
							<span class="nav-text">Tests</span>
							</a>
						</li>
												<li>
							<a href="tag.html">
							<span class="nav-icon">
							<i class="fa fa-tag"></i>
							</span>
							<span class="nav-text">Tags</span>
							</a>
						</li>
						<li>
							<a href="exception.html">
							<span class="nav-icon">
							<i class="fa fa-warning"></i>
							</span>
							<span class="nav-text">Exceptions</span>
							</a>
						</li>
						<li>
							<a href="dashboard.html">
							<span class="nav-icon">
							<i class="fa fa-dashboard"></i>
							</span>
							<span class="nav-text">Dashboard</span>
							</a>
						</li>
						<li class="pb-2 hidden-folded"></li>
					</ul>
				</div>
			</div>
		</div>
		<div class="no-shrink">
			<div class="nav-fold">
				<a id="lightsout" class="d-flex p-2-3"><span><i class="fa fa-desktop"></i></span></a>
				<div class="hidden-folded flex p-2-3 bg">
					<div class="d-flex p-1">
						<a href="http://github.com/extent-framework/extentreports" class="flex text-nowrap"><i class="fa fa-github"></i></a>
						<a href="http://extentreports.com" class="px-2"><i class="fa fa-book"></i></a>
					</div>
				</div>
			</div>
		</div>
	</div>
</div>			<div id="content" class="app-content box-shadow-0" role="main">
				<div id="content" class="app-content box-shadow-2 box-radius-2" role="main">
					<div class="content-header white  box-shadow-2" id="content-header">
						<div class="navbar navbar-expand-lg">
							<div class="input-group flex mr-1">
				              	<input id="qt" type="text" class="form-control px-0 no-bg no-border no-shadow search" placeholder="Search..." required="">
				              	<span class="input-group-btn">
				                	<button class="btn no-bg no-border no-shadow" type="button"><i class="fa fa-search text-muted text-xs"></i></button>
				              	</span>
				            </div>
							<ul class="nav nav-xs flex-row no-border pull-right">
								<li class="nav-item dropdown">
									<a class="nav-link b-l" data-toggle="dropdown">
									<span class="text-xs">
									<i class="fa fa-warning"></i>
									<i class="fa fa-caret-down"></i>
									</span>
									</a>
									<div class="dropdown-menu pt-0 mt-2 animate fadeIn">
										<a class="dropdown-item" href="#"><span class="tf" status="pass"><i class="fa fa-dot-circle-o text-success"></i>Pass</span></a>
										<a class="dropdown-item" href="#"><span class="tf" status="fail"><i class="fa fa-dot-circle-o text-danger"></i>Fail</span></a>
										
										
										
										<a class="dropdown-item" href="#"><span class="tf" status="skip"><i class="fa fa-dot-circle-o text-blue"></i>Skip</span></a>
										<div class="dropdown-divider"></div>
										<a class="dropdown-item" href="#"><span class="tf" status="clear"><i class="fa fa-dot-circle-o text-warn"></i>Clear</span></a>
									</div>
								</li>
						        <li class="nav-item dropdown">
							        <a class="nav-link b-l" data-toggle="dropdown">
							            <span class="text-xs">
								      		<i class="fa fa-tag"></i>
								      		<i class="fa fa-caret-down"></i>
								        </span>
							        </a>
							        <div class="dropdown-menu pt-0 mt-2 animate fadeIn">
						    	        <a class="dropdown-item" href="#"><span class="cf">@Productos</span></a>
						    	        <a class="dropdown-item" href="#"><span class="cf">@Inicio</span></a>
						    	        <a class="dropdown-item" href="#"><span class="cf">@Forro</span></a>
						    	        <a class="dropdown-item" href="#"><span class="cf">@Refri</span></a>
						    	        <div class="dropdown-divider"></div>
						    	        <a class="dropdown-item" href="#"><span class="tf" status="clear"><i class="fa fa-dot-circle-o text-warn"></i>Clear</span></a>
						    	      </div>
						        </li>
						        <li class="nav-item lightsout"><a class="nav-link b-l" href="#"><span><i class="fa fa-desktop"></i></span></a></li>
								<li><a href="#" class="b-l"><span class="badge badge-pull">ExtentReports</span></a></li>
								<li><a href="#" class="b-l"><span class="badge badge-pull">4.0</span></a></li>
							</ul>
						</div>
					</div>
					<div class="content-main " id="content-main">
						<div class="padding">
							<div class="row justify-content-md-center">
								<div class="col-md-8 col-sm-12">
									<div class="logger-content">
										<h6 class="mb-3 ml-1">Test Logs</h6>
											<div class="tsc" status="fail">
											<div class="st fail test l0" 
												tags="@Productos"
												devices="">
												<span class="tt">04.19.2022 16:01:50</span>&nbsp;
												<span class="ts">fail</span>&nbsp;&nbsp;
												<span class="tn">[Compra de productos] started</span>
												<span class="category-list">
													<span class="category badge"><i class="fa fa-tag"></i> @Productos</span>
												</span>
												
											</div>
											<div class="st pass test l1" 
												tags="@Productos @Inicio"
												devices="">
												<span class="tt">04.19.2022 16:01:50</span>&nbsp;
												<span class="ts">pass</span>&nbsp;&nbsp;
												<span class="tn">|---[Iniciar sesion] started</span>
												<span class="category-list">
													<span class="category badge"><i class="fa fa-tag"></i> @Productos</span>
													<span class="category badge"><i class="fa fa-tag"></i> @Inicio</span>
												</span>
												
											</div>
											<div class="st pass test l2" 
												tags=""
												devices="">
												<span class="tt">04.19.2022 16:01:50</span>&nbsp;
												<span class="ts">pass</span>&nbsp;&nbsp;
												<span class="tn">&nbsp;&nbsp;&nbsp;&nbsp;|---[Given Navego a siman.com] started</span>
												
												<div class="st pass">
													<span class="tt">04.19.2022 16:02:07</span>&nbsp;
													<span class="ts">pass</span>&nbsp;&nbsp; 
													<span class="tn">&nbsp;&nbsp;&nbsp;&nbsp;|---[Given Navego a siman.com]</span>
													
													<span class="td"></span>
												</div>
											</div>
											<div class="st pass test l2" 
												tags=""
												devices="">
												<span class="tt">04.19.2022 16:02:07</span>&nbsp;
												<span class="ts">pass</span>&nbsp;&nbsp;
												<span class="tn">&nbsp;&nbsp;&nbsp;&nbsp;|---[And Inicio sesion en siman.com] started</span>
												
												<div class="st pass">
													<span class="tt">04.19.2022 16:03:09</span>&nbsp;
													<span class="ts">pass</span>&nbsp;&nbsp; 
													<span class="tn">&nbsp;&nbsp;&nbsp;&nbsp;|---[And Inicio sesion en siman.com]</span>
													
													<span class="td"></span>
												</div>
											</div>
											<div class="st pass test l2" 
												tags=""
												devices="">
												<span class="tt">04.19.2022 16:03:09</span>&nbsp;
												<span class="ts">pass</span>&nbsp;&nbsp;
												<span class="tn">&nbsp;&nbsp;&nbsp;&nbsp;|---[Then Inicio sesion correctamente] started</span>
												
												<div class="st pass">
													<span class="tt">04.19.2022 16:03:09</span>&nbsp;
													<span class="ts">pass</span>&nbsp;&nbsp; 
													<span class="tn">&nbsp;&nbsp;&nbsp;&nbsp;|---[Then Inicio sesion correctamente]</span>
													
													<span class="td"></span>
												</div>
											</div>
											<div class="st fail test l1" 
												tags="@Forro @Refri"
												devices="">
												<span class="tt">04.19.2022 16:03:09</span>&nbsp;
												<span class="ts">fail</span>&nbsp;&nbsp;
												<span class="tn">|---[Probar metodo de pago por cuotas] started</span>
												<span class="category-list">
													<span class="category badge"><i class="fa fa-tag"></i> @Forro</span>
													<span class="category badge"><i class="fa fa-tag"></i> @Refri</span>
												</span>
												
											</div>
											<div class="st fail test l2" 
												tags="@Productos @Forro @Refri"
												devices="">
												<span class="tt">04.19.2022 16:03:09</span>&nbsp;
												<span class="ts">fail</span>&nbsp;&nbsp;
												<span class="tn">&nbsp;&nbsp;&nbsp;&nbsp;|---[Probar metodo de pago por cuotas] started</span>
												<span class="category-list">
													<span class="category badge"><i class="fa fa-tag"></i> @Productos</span>
													<span class="category badge"><i class="fa fa-tag"></i> @Forro</span>
													<span class="category badge"><i class="fa fa-tag"></i> @Refri</span>
												</span>
												
											</div>
											<div class="st pass test l3" 
												tags=""
												devices="">
												<span class="tt">04.19.2022 16:03:09</span>&nbsp;
												<span class="ts">pass</span>&nbsp;&nbsp;
												<span class="tn">&nbsp;&nbsp;&nbsp;&nbsp;&nbsp;&nbsp;&nbsp;&nbsp;|---[Given Navego a siman.com] started</span>
												
												<div class="st pass">
													<span class="tt">04.19.2022 16:03:15</span>&nbsp;
													<span class="ts">pass</span>&nbsp;&nbsp; 
													<span class="tn">&nbsp;&nbsp;&nbsp;&nbsp;&nbsp;&nbsp;&nbsp;&nbsp;|---[Given Navego a siman.com]</span>
													
													<span class="td"></span>
												</div>
											</div>
											<div class="st pass test l3" 
												tags=""
												devices="">
												<span class="tt">04.19.2022 16:03:15</span>&nbsp;
												<span class="ts">pass</span>&nbsp;&nbsp;
												<span class="tn">&nbsp;&nbsp;&nbsp;&nbsp;&nbsp;&nbsp;&nbsp;&nbsp;|---[When Busco 103245282 en siman.com] started</span>
												
												<div class="st pass">
													<span class="tt">04.19.2022 16:03:38</span>&nbsp;
													<span class="ts">pass</span>&nbsp;&nbsp; 
													<span class="tn">&nbsp;&nbsp;&nbsp;&nbsp;&nbsp;&nbsp;&nbsp;&nbsp;|---[When Busco 103245282 en siman.com]</span>
													
													<span class="td"></span>
												</div>
											</div>
											<div class="st pass test l3" 
												tags=""
												devices="">
												<span class="tt">04.19.2022 16:03:38</span>&nbsp;
												<span class="ts">pass</span>&nbsp;&nbsp;
												<span class="tn">&nbsp;&nbsp;&nbsp;&nbsp;&nbsp;&nbsp;&nbsp;&nbsp;|---[And Selecciono producto 2] started</span>
												
												<div class="st pass">
													<span class="tt">04.19.2022 16:03:45</span>&nbsp;
													<span class="ts">pass</span>&nbsp;&nbsp; 
													<span class="tn">&nbsp;&nbsp;&nbsp;&nbsp;&nbsp;&nbsp;&nbsp;&nbsp;|---[And Selecciono producto 2]</span>
													
													<span class="td"></span>
												</div>
											</div>
											<div class="st fail test l3" 
												tags=""
												devices="">
												<span class="tt">04.19.2022 16:03:45</span>&nbsp;
												<span class="ts">fail</span>&nbsp;&nbsp;
												<span class="tn">&nbsp;&nbsp;&nbsp;&nbsp;&nbsp;&nbsp;&nbsp;&nbsp;|---[And Dar click a boton de Siman Pro] started</span>
												
												<div class="st fail">
													<span class="tt">04.19.2022 16:04:06</span>&nbsp;
													<span class="ts">fail</span>&nbsp;&nbsp; 
													<span class="tn">&nbsp;&nbsp;&nbsp;&nbsp;&nbsp;&nbsp;&nbsp;&nbsp;|---[And Dar click a boton de Siman Pro]</span>
													
													<span class="td">threw an exception<br><textarea disabled class="code-block">org.openqa.selenium.TimeoutException: Expected condition failed: waiting for visibility of element located by By.xpath: //body/div[2]/div[1]/div[1]/div[1]/div[1]/div[1]/div[7]/div[1]/div[1]/div[1]/section[1]/div[1]/div[1]/div[1]/div[3]/div[1]/div[1]/div[2]/div[1]/div[5]/div[2]/button[1] (tried for 20 second(s) with 500 milliseconds interval)
	at org.openqa.selenium.support.ui.WebDriverWait.timeoutException(WebDriverWait.java:95)
	at org.openqa.selenium.support.ui.FluentWait.until(FluentWait.java:272)
	at pages.BasePage.find(BasePage.java:69)
	at pages.BasePage.clickElement(BasePage.java:73)
	at pages.ProductosPage.clickSimanPro(ProductosPage.java:123)
	at steps.ProductosSteps.simanPro(ProductosSteps.java:49)
	at ?.Dar click a boton de Siman Pro(src/test/resources/features/Productos.feature:40)
Caused by: org.openqa.selenium.NoSuchElementException: no such element: Unable to locate element: {"method":"xpath","selector":"//body/div[2]/div[1]/div[1]/div[1]/div[1]/div[1]/div[7]/div[1]/div[1]/div[1]/section[1]/div[1]/div[1]/div[1]/div[3]/div[1]/div[1]/div[2]/div[1]/div[5]/div[2]/button[1]"}
  (Session info: chrome=100.0.4896.127)
For documentation on this error, please visit: https://www.seleniumhq.org/exceptions/no_such_element.html
Build info: version: '3.141.59', revision: 'e82be7d358', time: '2018-11-14T08:17:03'
System info: host: 'DESKTOP-6KEC16J', ip: '192.168.56.1', os.name: 'Windows 10', os.arch: 'amd64', os.version: '10.0', java.version: '1.8.0_301'
Driver info: org.openqa.selenium.chrome.ChromeDriver
Capabilities {acceptInsecureCerts: false, browserName: chrome, browserVersion: 100.0.4896.127, chrome: {chromedriverVersion: 100.0.4896.60 (6a5d10861ce8..., userDataDir: C:\Users\eduar\AppData\Loca...}, goog:chromeOptions: {debuggerAddress: localhost:61524}, javascriptEnabled: true, networkConnectionEnabled: false, pageLoadStrategy: normal, platform: WINDOWS, platformName: WINDOWS, proxy: Proxy(), setWindowRect: true, strictFileInteractability: false, timeouts: {implicit: 0, pageLoad: 300000, script: 30000}, unhandledPromptBehavior: dismiss and notify, webauthn:extension:credBlob: true, webauthn:extension:largeBlob: true, webauthn:virtualAuthenticators: true}
Session ID: cbae7f0df08dc53057d3b061be07a322
*** Element info: {Using=xpath, value=//body/div[2]/div[1]/div[1]/div[1]/div[1]/div[1]/div[7]/div[1]/div[1]/div[1]/section[1]/div[1]/div[1]/div[1]/div[3]/div[1]/div[1]/div[2]/div[1]/div[5]/div[2]/button[1]}
	at sun.reflect.GeneratedConstructorAccessor13.newInstance(Unknown Source)
	at sun.reflect.DelegatingConstructorAccessorImpl.newInstance(DelegatingConstructorAccessorImpl.java:45)
	at java.lang.reflect.Constructor.newInstance(Constructor.java:423)
	at org.openqa.selenium.remote.http.W3CHttpResponseCodec.createException(W3CHttpResponseCodec.java:187)
	at org.openqa.selenium.remote.http.W3CHttpResponseCodec.decode(W3CHttpResponseCodec.java:122)
	at org.openqa.selenium.remote.http.W3CHttpResponseCodec.decode(W3CHttpResponseCodec.java:49)
	at org.openqa.selenium.remote.HttpCommandExecutor.execute(HttpCommandExecutor.java:158)
	at org.openqa.selenium.remote.service.DriverCommandExecutor.execute(DriverCommandExecutor.java:83)
	at org.openqa.selenium.remote.RemoteWebDriver.execute(RemoteWebDriver.java:552)
	at org.openqa.selenium.remote.RemoteWebDriver.findElement(RemoteWebDriver.java:323)
	at org.openqa.selenium.remote.RemoteWebDriver.findElementByXPath(RemoteWebDriver.java:428)
	at org.openqa.selenium.By$ByXPath.findElement(By.java:353)
	at org.openqa.selenium.remote.RemoteWebDriver.findElement(RemoteWebDriver.java:315)
	at org.openqa.selenium.support.ui.ExpectedConditions$7.apply(ExpectedConditions.java:205)
	at org.openqa.selenium.support.ui.ExpectedConditions$7.apply(ExpectedConditions.java:201)
	at org.openqa.selenium.support.ui.FluentWait.until(FluentWait.java:249)
	at pages.BasePage.find(BasePage.java:69)
	at pages.BasePage.clickElement(BasePage.java:73)
	at pages.ProductosPage.clickSimanPro(ProductosPage.java:123)
	at steps.ProductosSteps.simanPro(ProductosSteps.java:49)
	at sun.reflect.NativeMethodAccessorImpl.invoke0(Native Method)
	at sun.reflect.NativeMethodAccessorImpl.invoke(NativeMethodAccessorImpl.java:62)
	at sun.reflect.DelegatingMethodAccessorImpl.invoke(DelegatingMethodAccessorImpl.java:43)
	at java.lang.reflect.Method.invoke(Method.java:498)
	at cucumber.runtime.Utils$1.call(Utils.java:26)
	at cucumber.runtime.Timeout.timeout(Timeout.java:16)
	at cucumber.runtime.Utils.invoke(Utils.java:20)
	at cucumber.runtime.java.JavaStepDefinition.execute(JavaStepDefinition.java:49)
	at cucumber.runner.PickleStepDefinitionMatch.runStep(PickleStepDefinitionMatch.java:50)
	at cucumber.runner.TestStep.executeStep(TestStep.java:63)
	at cucumber.runner.TestStep.run(TestStep.java:49)
	at cucumber.runner.PickleStepTestStep.run(PickleStepTestStep.java:43)
	at cucumber.runner.TestCase.run(TestCase.java:44)
	at cucumber.runner.Runner.runPickle(Runner.java:40)
	at cucumber.runtime.junit.PickleRunners$NoStepDescriptions.run(PickleRunners.java:146)
	at cucumber.runtime.junit.FeatureRunner.runChild(FeatureRunner.java:68)
	at cucumber.runtime.junit.FeatureRunner.runChild(FeatureRunner.java:23)
	at org.junit.runners.ParentRunner$3.run(ParentRunner.java:290)
	at org.junit.runners.ParentRunner$1.schedule(ParentRunner.java:71)
	at org.junit.runners.ParentRunner.runChildren(ParentRunner.java:288)
	at org.junit.runners.ParentRunner.access$000(ParentRunner.java:58)
	at org.junit.runners.ParentRunner$2.evaluate(ParentRunner.java:268)
	at org.junit.runners.ParentRunner.run(ParentRunner.java:363)
	at cucumber.runtime.junit.FeatureRunner.run(FeatureRunner.java:73)
	at cucumber.api.junit.Cucumber.runChild(Cucumber.java:124)
	at cucumber.api.junit.Cucumber.runChild(Cucumber.java:65)
	at org.junit.runners.ParentRunner$3.run(ParentRunner.java:290)
	at org.junit.runners.ParentRunner$1.schedule(ParentRunner.java:71)
	at org.junit.runners.ParentRunner.runChildren(ParentRunner.java:288)
	at org.junit.runners.ParentRunner.access$000(ParentRunner.java:58)
	at org.junit.runners.ParentRunner$2.evaluate(ParentRunner.java:268)
	at cucumber.api.junit.Cucumber$1.evaluate(Cucumber.java:133)
	at org.junit.internal.runners.statements.RunAfters.evaluate(RunAfters.java:27)
	at org.junit.runners.ParentRunner.run(ParentRunner.java:363)
	at org.gradle.api.internal.tasks.testing.junit.JUnitTestClassExecutor.runTestClass(JUnitTestClassExecutor.java:110)
	at org.gradle.api.internal.tasks.testing.junit.JUnitTestClassExecutor.execute(JUnitTestClassExecutor.java:58)
	at org.gradle.api.internal.tasks.testing.junit.JUnitTestClassExecutor.execute(JUnitTestClassExecutor.java:38)
	at org.gradle.api.internal.tasks.testing.junit.AbstractJUnitTestClassProcessor.processTestClass(AbstractJUnitTestClassProcessor.java:62)
	at org.gradle.api.internal.tasks.testing.SuiteTestClassProcessor.processTestClass(SuiteTestClassProcessor.java:51)
	at sun.reflect.NativeMethodAccessorImpl.invoke0(Native Method)
	at sun.reflect.NativeMethodAccessorImpl.invoke(NativeMethodAccessorImpl.java:62)
	at sun.reflect.DelegatingMethodAccessorImpl.invoke(DelegatingMethodAccessorImpl.java:43)
	at java.lang.reflect.Method.invoke(Method.java:498)
	at org.gradle.internal.dispatch.ReflectionDispatch.dispatch(ReflectionDispatch.java:36)
	at org.gradle.internal.dispatch.ReflectionDispatch.dispatch(ReflectionDispatch.java:24)
	at org.gradle.internal.dispatch.ContextClassLoaderDispatch.dispatch(ContextClassLoaderDispatch.java:33)
	at org.gradle.internal.dispatch.ProxyDispatchAdapter$DispatchingInvocationHandler.invoke(ProxyDispatchAdapter.java:94)
	at com.sun.proxy.$Proxy2.processTestClass(Unknown Source)
	at org.gradle.api.internal.tasks.testing.worker.TestWorker.processTestClass(TestWorker.java:121)
	at sun.reflect.NativeMethodAccessorImpl.invoke0(Native Method)
	at sun.reflect.NativeMethodAccessorImpl.invoke(NativeMethodAccessorImpl.java:62)
	at sun.reflect.DelegatingMethodAccessorImpl.invoke(DelegatingMethodAccessorImpl.java:43)
	at java.lang.reflect.Method.invoke(Method.java:498)
	at org.gradle.internal.dispatch.ReflectionDispatch.dispatch(ReflectionDispatch.java:36)
	at org.gradle.internal.dispatch.ReflectionDispatch.dispatch(ReflectionDispatch.java:24)
	at org.gradle.internal.remote.internal.hub.MessageHubBackedObjectConnection$DispatchWrapper.dispatch(MessageHubBackedObjectConnection.java:182)
	at org.gradle.internal.remote.internal.hub.MessageHubBackedObjectConnection$DispatchWrapper.dispatch(MessageHubBackedObjectConnection.java:164)
	at org.gradle.internal.remote.internal.hub.MessageHub$Handler.run(MessageHub.java:414)
	at org.gradle.internal.concurrent.ExecutorPolicy$CatchAndRecordFailures.onExecute(ExecutorPolicy.java:64)
	at org.gradle.internal.concurrent.ManagedExecutorImpl$1.run(ManagedExecutorImpl.java:48)
	at java.util.concurrent.ThreadPoolExecutor.runWorker(ThreadPoolExecutor.java:1149)
	at java.util.concurrent.ThreadPoolExecutor$Worker.run(ThreadPoolExecutor.java:624)
	at org.gradle.internal.concurrent.ThreadFactoryImpl$ManagedThreadRunnable.run(ThreadFactoryImpl.java:56)
	at java.lang.Thread.run(Thread.java:748)
</textarea></span>
												</div>
											</div>
											<div class="st skip test l3" 
												tags=""
												devices="">
												<span class="tt">04.19.2022 16:04:06</span>&nbsp;
												<span class="ts">skip</span>&nbsp;&nbsp;
												<span class="tn">&nbsp;&nbsp;&nbsp;&nbsp;&nbsp;&nbsp;&nbsp;&nbsp;|---[And Doy click al boton comprar] started</span>
												
												<div class="st skip">
													<span class="tt">04.19.2022 16:04:06</span>&nbsp;
													<span class="ts">skip</span>&nbsp;&nbsp; 
													<span class="tn">&nbsp;&nbsp;&nbsp;&nbsp;&nbsp;&nbsp;&nbsp;&nbsp;|---[And Doy click al boton comprar]</span>
													
													<span class="td">Step skipped</span>
												</div>
											</div>
											<div class="st skip test l3" 
												tags=""
												devices="">
												<span class="tt">04.19.2022 16:04:06</span>&nbsp;
												<span class="ts">skip</span>&nbsp;&nbsp;
												<span class="tn">&nbsp;&nbsp;&nbsp;&nbsp;&nbsp;&nbsp;&nbsp;&nbsp;|---[And Doy click al boton finalizar compra] started</span>
												
												<div class="st skip">
													<span class="tt">04.19.2022 16:04:06</span>&nbsp;
													<span class="ts">skip</span>&nbsp;&nbsp; 
													<span class="tn">&nbsp;&nbsp;&nbsp;&nbsp;&nbsp;&nbsp;&nbsp;&nbsp;|---[And Doy click al boton finalizar compra]</span>
													
													<span class="td">Step skipped</span>
												</div>
											</div>
											<div class="st skip test l3" 
												tags=""
												devices="">
												<span class="tt">04.19.2022 16:04:06</span>&nbsp;
												<span class="ts">skip</span>&nbsp;&nbsp;
												<span class="tn">&nbsp;&nbsp;&nbsp;&nbsp;&nbsp;&nbsp;&nbsp;&nbsp;|---[And Doy click a proceder a pagar] started</span>
												
												<div class="st skip">
													<span class="tt">04.19.2022 16:04:06</span>&nbsp;
													<span class="ts">skip</span>&nbsp;&nbsp; 
													<span class="tn">&nbsp;&nbsp;&nbsp;&nbsp;&nbsp;&nbsp;&nbsp;&nbsp;|---[And Doy click a proceder a pagar]</span>
													
													<span class="td">Step skipped</span>
												</div>
											</div>
											<div class="st skip test l3" 
												tags=""
												devices="">
												<span class="tt">04.19.2022 16:04:06</span>&nbsp;
												<span class="ts">skip</span>&nbsp;&nbsp;
												<span class="tn">&nbsp;&nbsp;&nbsp;&nbsp;&nbsp;&nbsp;&nbsp;&nbsp;|---[And Elijo metodo de pago meses sin intereses] started</span>
												
												<div class="st skip">
													<span class="tt">04.19.2022 16:04:06</span>&nbsp;
													<span class="ts">skip</span>&nbsp;&nbsp; 
													<span class="tn">&nbsp;&nbsp;&nbsp;&nbsp;&nbsp;&nbsp;&nbsp;&nbsp;|---[And Elijo metodo de pago meses sin intereses]</span>
													
													<span class="td">Step skipped</span>
												</div>
											</div>
											<div class="st skip test l3" 
												tags=""
												devices="">
												<span class="tt">04.19.2022 16:04:06</span>&nbsp;
												<span class="ts">skip</span>&nbsp;&nbsp;
												<span class="tn">&nbsp;&nbsp;&nbsp;&nbsp;&nbsp;&nbsp;&nbsp;&nbsp;|---[And Elejir BAC] started</span>
												
												<div class="st skip">
													<span class="tt">04.19.2022 16:04:06</span>&nbsp;
													<span class="ts">skip</span>&nbsp;&nbsp; 
													<span class="tn">&nbsp;&nbsp;&nbsp;&nbsp;&nbsp;&nbsp;&nbsp;&nbsp;|---[And Elejir BAC]</span>
													
													<span class="td">Step skipped</span>
												</div>
											</div>
											<div class="st skip test l3" 
												tags=""
												devices="">
												<span class="tt">04.19.2022 16:04:06</span>&nbsp;
												<span class="ts">skip</span>&nbsp;&nbsp;
												<span class="tn">&nbsp;&nbsp;&nbsp;&nbsp;&nbsp;&nbsp;&nbsp;&nbsp;|---[And Elijo 2 de meses] started</span>
												
												<div class="st skip">
													<span class="tt">04.19.2022 16:04:06</span>&nbsp;
													<span class="ts">skip</span>&nbsp;&nbsp; 
													<span class="tn">&nbsp;&nbsp;&nbsp;&nbsp;&nbsp;&nbsp;&nbsp;&nbsp;|---[And Elijo 2 de meses]</span>
													
													<span class="td">Step skipped</span>
												</div>
											</div>
											<div class="st skip test l3" 
												tags=""
												devices="">
												<span class="tt">04.19.2022 16:04:06</span>&nbsp;
												<span class="ts">skip</span>&nbsp;&nbsp;
												<span class="tn">&nbsp;&nbsp;&nbsp;&nbsp;&nbsp;&nbsp;&nbsp;&nbsp;|---[And Doy click al boton de comprar ahora] started</span>
												
												<div class="st skip">
													<span class="tt">04.19.2022 16:04:06</span>&nbsp;
													<span class="ts">skip</span>&nbsp;&nbsp; 
													<span class="tn">&nbsp;&nbsp;&nbsp;&nbsp;&nbsp;&nbsp;&nbsp;&nbsp;|---[And Doy click al boton de comprar ahora]</span>
													
													<span class="td">Step skipped</span>
												</div>
											</div>
											<div class="st skip test l3" 
												tags=""
												devices="">
												<span class="tt">04.19.2022 16:04:06</span>&nbsp;
												<span class="ts">skip</span>&nbsp;&nbsp;
												<span class="tn">&nbsp;&nbsp;&nbsp;&nbsp;&nbsp;&nbsp;&nbsp;&nbsp;|---[Then Producto fue comprado exitosamente] started</span>
												
												<div class="st skip">
													<span class="tt">04.19.2022 16:04:06</span>&nbsp;
													<span class="ts">skip</span>&nbsp;&nbsp; 
													<span class="tn">&nbsp;&nbsp;&nbsp;&nbsp;&nbsp;&nbsp;&nbsp;&nbsp;|---[Then Producto fue comprado exitosamente]</span>
													
													<span class="td">Step skipped</span>
												</div>
											</div>
											<div class="st fail test l1" 
												tags=""
												devices="">
												<span class="tt">04.19.2022 16:04:06</span>&nbsp;
												<span class="ts">fail</span>&nbsp;&nbsp;
												<span class="tn">|---[Probar metodo meses sin intereses sin SP] started</span>
												
											</div>
											<div class="st fail test l2" 
												tags="@Productos"
												devices="">
												<span class="tt">04.19.2022 16:04:06</span>&nbsp;
												<span class="ts">fail</span>&nbsp;&nbsp;
												<span class="tn">&nbsp;&nbsp;&nbsp;&nbsp;|---[Probar metodo meses sin intereses sin SP] started</span>
												<span class="category-list">
													<span class="category badge"><i class="fa fa-tag"></i> @Productos</span>
												</span>
												
											</div>
											<div class="st pass test l3" 
												tags=""
												devices="">
												<span class="tt">04.19.2022 16:04:06</span>&nbsp;
												<span class="ts">pass</span>&nbsp;&nbsp;
												<span class="tn">&nbsp;&nbsp;&nbsp;&nbsp;&nbsp;&nbsp;&nbsp;&nbsp;|---[Given Navego a siman.com] started</span>
												
												<div class="st pass">
													<span class="tt">04.19.2022 16:04:21</span>&nbsp;
													<span class="ts">pass</span>&nbsp;&nbsp; 
													<span class="tn">&nbsp;&nbsp;&nbsp;&nbsp;&nbsp;&nbsp;&nbsp;&nbsp;|---[Given Navego a siman.com]</span>
													
													<span class="td"></span>
												</div>
											</div>
											<div class="st pass test l3" 
												tags=""
												devices="">
												<span class="tt">04.19.2022 16:04:21</span>&nbsp;
												<span class="ts">pass</span>&nbsp;&nbsp;
												<span class="tn">&nbsp;&nbsp;&nbsp;&nbsp;&nbsp;&nbsp;&nbsp;&nbsp;|---[When Busco 100888754 en siman.com] started</span>
												
												<div class="st pass">
													<span class="tt">04.19.2022 16:04:27</span>&nbsp;
													<span class="ts">pass</span>&nbsp;&nbsp; 
													<span class="tn">&nbsp;&nbsp;&nbsp;&nbsp;&nbsp;&nbsp;&nbsp;&nbsp;|---[When Busco 100888754 en siman.com]</span>
													
													<span class="td"></span>
												</div>
											</div>
											<div class="st pass test l3" 
												tags=""
												devices="">
												<span class="tt">04.19.2022 16:04:27</span>&nbsp;
												<span class="ts">pass</span>&nbsp;&nbsp;
												<span class="tn">&nbsp;&nbsp;&nbsp;&nbsp;&nbsp;&nbsp;&nbsp;&nbsp;|---[And Selecciono producto 2] started</span>
												
												<div class="st pass">
													<span class="tt">04.19.2022 16:04:29</span>&nbsp;
													<span class="ts">pass</span>&nbsp;&nbsp; 
													<span class="tn">&nbsp;&nbsp;&nbsp;&nbsp;&nbsp;&nbsp;&nbsp;&nbsp;|---[And Selecciono producto 2]</span>
													
													<span class="td"></span>
												</div>
											</div>
											<div class="st fail test l3" 
												tags=""
												devices="">
												<span class="tt">04.19.2022 16:04:29</span>&nbsp;
												<span class="ts">fail</span>&nbsp;&nbsp;
												<span class="tn">&nbsp;&nbsp;&nbsp;&nbsp;&nbsp;&nbsp;&nbsp;&nbsp;|---[And Doy click al boton comprar] started</span>
												
												<div class="st fail">
													<span class="tt">04.19.2022 16:04:52</span>&nbsp;
													<span class="ts">fail</span>&nbsp;&nbsp; 
													<span class="tn">&nbsp;&nbsp;&nbsp;&nbsp;&nbsp;&nbsp;&nbsp;&nbsp;|---[And Doy click al boton comprar]</span>
													
													<span class="td">threw an exception<br><textarea disabled class="code-block">org.openqa.selenium.TimeoutException: Expected condition failed: waiting for visibility of element located by By.cssSelector: //body/div[2]/div[1]/div[1]/div[1]/div[1]/div[1]/div[7]/div[1]/div[1]/div[1]/section[1]/div[1]/div[1]/div[1]/div[3]/div[1]/div[1]/div[2]/div[1]/div[9]/div[1]/div[1]/div[1]/div[1]/div[1]/div[2]/div[1]/div[1]/button[1] (tried for 20 second(s) with 500 milliseconds interval)
	at org.openqa.selenium.support.ui.WebDriverWait.timeoutException(WebDriverWait.java:95)
	at org.openqa.selenium.support.ui.FluentWait.until(FluentWait.java:272)
	at pages.BasePage.findByCSS(BasePage.java:148)
	at pages.BasePage.clickElementByCSS(BasePage.java:152)
	at pages.ProductosPage.clickBuyProduct(ProductosPage.java:224)
	at steps.ProductosSteps.botonComprar(ProductosSteps.java:56)
	at ?.Doy click al boton comprar(src/test/resources/features/Productos.feature:61)
Caused by: org.openqa.selenium.InvalidSelectorException: invalid selector: An invalid or illegal selector was specified
  (Session info: chrome=100.0.4896.127)
For documentation on this error, please visit: https://www.seleniumhq.org/exceptions/invalid_selector_exception.html
Build info: version: '3.141.59', revision: 'e82be7d358', time: '2018-11-14T08:17:03'
System info: host: 'DESKTOP-6KEC16J', ip: '192.168.56.1', os.name: 'Windows 10', os.arch: 'amd64', os.version: '10.0', java.version: '1.8.0_301'
Driver info: org.openqa.selenium.chrome.ChromeDriver
Capabilities {acceptInsecureCerts: false, browserName: chrome, browserVersion: 100.0.4896.127, chrome: {chromedriverVersion: 100.0.4896.60 (6a5d10861ce8..., userDataDir: C:\Users\eduar\AppData\Loca...}, goog:chromeOptions: {debuggerAddress: localhost:61524}, javascriptEnabled: true, networkConnectionEnabled: false, pageLoadStrategy: normal, platform: WINDOWS, platformName: WINDOWS, proxy: Proxy(), setWindowRect: true, strictFileInteractability: false, timeouts: {implicit: 0, pageLoad: 300000, script: 30000}, unhandledPromptBehavior: dismiss and notify, webauthn:extension:credBlob: true, webauthn:extension:largeBlob: true, webauthn:virtualAuthenticators: true}
Session ID: cbae7f0df08dc53057d3b061be07a322
*** Element info: {Using=css selector, value=//body/div[2]/div[1]/div[1]/div[1]/div[1]/div[1]/div[7]/div[1]/div[1]/div[1]/section[1]/div[1]/div[1]/div[1]/div[3]/div[1]/div[1]/div[2]/div[1]/div[9]/div[1]/div[1]/div[1]/div[1]/div[1]/div[2]/div[1]/div[1]/button[1]}
	at sun.reflect.GeneratedConstructorAccessor14.newInstance(Unknown Source)
	at sun.reflect.DelegatingConstructorAccessorImpl.newInstance(DelegatingConstructorAccessorImpl.java:45)
	at java.lang.reflect.Constructor.newInstance(Constructor.java:423)
	at org.openqa.selenium.remote.http.W3CHttpResponseCodec.createException(W3CHttpResponseCodec.java:187)
	at org.openqa.selenium.remote.http.W3CHttpResponseCodec.decode(W3CHttpResponseCodec.java:122)
	at org.openqa.selenium.remote.http.W3CHttpResponseCodec.decode(W3CHttpResponseCodec.java:49)
	at org.openqa.selenium.remote.HttpCommandExecutor.execute(HttpCommandExecutor.java:158)
	at org.openqa.selenium.remote.service.DriverCommandExecutor.execute(DriverCommandExecutor.java:83)
	at org.openqa.selenium.remote.RemoteWebDriver.execute(RemoteWebDriver.java:552)
	at org.openqa.selenium.remote.RemoteWebDriver.findElement(RemoteWebDriver.java:323)
	at org.openqa.selenium.remote.RemoteWebDriver.findElementByCssSelector(RemoteWebDriver.java:420)
	at org.openqa.selenium.By$ByCssSelector.findElement(By.java:431)
	at org.openqa.selenium.remote.RemoteWebDriver.findElement(RemoteWebDriver.java:315)
	at org.openqa.selenium.support.ui.ExpectedConditions$7.apply(ExpectedConditions.java:205)
	at org.openqa.selenium.support.ui.ExpectedConditions$7.apply(ExpectedConditions.java:201)
	at org.openqa.selenium.support.ui.FluentWait.until(FluentWait.java:249)
	at pages.BasePage.findByCSS(BasePage.java:148)
	at pages.BasePage.clickElementByCSS(BasePage.java:152)
	at pages.ProductosPage.clickBuyProduct(ProductosPage.java:224)
	at steps.ProductosSteps.botonComprar(ProductosSteps.java:56)
	at sun.reflect.NativeMethodAccessorImpl.invoke0(Native Method)
	at sun.reflect.NativeMethodAccessorImpl.invoke(NativeMethodAccessorImpl.java:62)
	at sun.reflect.DelegatingMethodAccessorImpl.invoke(DelegatingMethodAccessorImpl.java:43)
	at java.lang.reflect.Method.invoke(Method.java:498)
	at cucumber.runtime.Utils$1.call(Utils.java:26)
	at cucumber.runtime.Timeout.timeout(Timeout.java:16)
	at cucumber.runtime.Utils.invoke(Utils.java:20)
	at cucumber.runtime.java.JavaStepDefinition.execute(JavaStepDefinition.java:49)
	at cucumber.runner.PickleStepDefinitionMatch.runStep(PickleStepDefinitionMatch.java:50)
	at cucumber.runner.TestStep.executeStep(TestStep.java:63)
	at cucumber.runner.TestStep.run(TestStep.java:49)
	at cucumber.runner.PickleStepTestStep.run(PickleStepTestStep.java:43)
	at cucumber.runner.TestCase.run(TestCase.java:44)
	at cucumber.runner.Runner.runPickle(Runner.java:40)
	at cucumber.runtime.junit.PickleRunners$NoStepDescriptions.run(PickleRunners.java:146)
	at cucumber.runtime.junit.FeatureRunner.runChild(FeatureRunner.java:68)
	at cucumber.runtime.junit.FeatureRunner.runChild(FeatureRunner.java:23)
	at org.junit.runners.ParentRunner$3.run(ParentRunner.java:290)
	at org.junit.runners.ParentRunner$1.schedule(ParentRunner.java:71)
	at org.junit.runners.ParentRunner.runChildren(ParentRunner.java:288)
	at org.junit.runners.ParentRunner.access$000(ParentRunner.java:58)
	at org.junit.runners.ParentRunner$2.evaluate(ParentRunner.java:268)
	at org.junit.runners.ParentRunner.run(ParentRunner.java:363)
	at cucumber.runtime.junit.FeatureRunner.run(FeatureRunner.java:73)
	at cucumber.api.junit.Cucumber.runChild(Cucumber.java:124)
	at cucumber.api.junit.Cucumber.runChild(Cucumber.java:65)
	at org.junit.runners.ParentRunner$3.run(ParentRunner.java:290)
	at org.junit.runners.ParentRunner$1.schedule(ParentRunner.java:71)
	at org.junit.runners.ParentRunner.runChildren(ParentRunner.java:288)
	at org.junit.runners.ParentRunner.access$000(ParentRunner.java:58)
	at org.junit.runners.ParentRunner$2.evaluate(ParentRunner.java:268)
	at cucumber.api.junit.Cucumber$1.evaluate(Cucumber.java:133)
	at org.junit.internal.runners.statements.RunAfters.evaluate(RunAfters.java:27)
	at org.junit.runners.ParentRunner.run(ParentRunner.java:363)
	at org.gradle.api.internal.tasks.testing.junit.JUnitTestClassExecutor.runTestClass(JUnitTestClassExecutor.java:110)
	at org.gradle.api.internal.tasks.testing.junit.JUnitTestClassExecutor.execute(JUnitTestClassExecutor.java:58)
	at org.gradle.api.internal.tasks.testing.junit.JUnitTestClassExecutor.execute(JUnitTestClassExecutor.java:38)
	at org.gradle.api.internal.tasks.testing.junit.AbstractJUnitTestClassProcessor.processTestClass(AbstractJUnitTestClassProcessor.java:62)
	at org.gradle.api.internal.tasks.testing.SuiteTestClassProcessor.processTestClass(SuiteTestClassProcessor.java:51)
	at sun.reflect.NativeMethodAccessorImpl.invoke0(Native Method)
	at sun.reflect.NativeMethodAccessorImpl.invoke(NativeMethodAccessorImpl.java:62)
	at sun.reflect.DelegatingMethodAccessorImpl.invoke(DelegatingMethodAccessorImpl.java:43)
	at java.lang.reflect.Method.invoke(Method.java:498)
	at org.gradle.internal.dispatch.ReflectionDispatch.dispatch(ReflectionDispatch.java:36)
	at org.gradle.internal.dispatch.ReflectionDispatch.dispatch(ReflectionDispatch.java:24)
	at org.gradle.internal.dispatch.ContextClassLoaderDispatch.dispatch(ContextClassLoaderDispatch.java:33)
	at org.gradle.internal.dispatch.ProxyDispatchAdapter$DispatchingInvocationHandler.invoke(ProxyDispatchAdapter.java:94)
	at com.sun.proxy.$Proxy2.processTestClass(Unknown Source)
	at org.gradle.api.internal.tasks.testing.worker.TestWorker.processTestClass(TestWorker.java:121)
	at sun.reflect.NativeMethodAccessorImpl.invoke0(Native Method)
	at sun.reflect.NativeMethodAccessorImpl.invoke(NativeMethodAccessorImpl.java:62)
	at sun.reflect.DelegatingMethodAccessorImpl.invoke(DelegatingMethodAccessorImpl.java:43)
	at java.lang.reflect.Method.invoke(Method.java:498)
	at org.gradle.internal.dispatch.ReflectionDispatch.dispatch(ReflectionDispatch.java:36)
	at org.gradle.internal.dispatch.ReflectionDispatch.dispatch(ReflectionDispatch.java:24)
	at org.gradle.internal.remote.internal.hub.MessageHubBackedObjectConnection$DispatchWrapper.dispatch(MessageHubBackedObjectConnection.java:182)
	at org.gradle.internal.remote.internal.hub.MessageHubBackedObjectConnection$DispatchWrapper.dispatch(MessageHubBackedObjectConnection.java:164)
	at org.gradle.internal.remote.internal.hub.MessageHub$Handler.run(MessageHub.java:414)
	at org.gradle.internal.concurrent.ExecutorPolicy$CatchAndRecordFailures.onExecute(ExecutorPolicy.java:64)
	at org.gradle.internal.concurrent.ManagedExecutorImpl$1.run(ManagedExecutorImpl.java:48)
	at java.util.concurrent.ThreadPoolExecutor.runWorker(ThreadPoolExecutor.java:1149)
	at java.util.concurrent.ThreadPoolExecutor$Worker.run(ThreadPoolExecutor.java:624)
	at org.gradle.internal.concurrent.ThreadFactoryImpl$ManagedThreadRunnable.run(ThreadFactoryImpl.java:56)
	at java.lang.Thread.run(Thread.java:748)
</textarea></span>
												</div>
											</div>
											<div class="st skip test l3" 
												tags=""
												devices="">
												<span class="tt">04.19.2022 16:04:52</span>&nbsp;
												<span class="ts">skip</span>&nbsp;&nbsp;
												<span class="tn">&nbsp;&nbsp;&nbsp;&nbsp;&nbsp;&nbsp;&nbsp;&nbsp;|---[And Doy click al boton finalizar compra] started</span>
												
												<div class="st skip">
													<span class="tt">04.19.2022 16:04:52</span>&nbsp;
													<span class="ts">skip</span>&nbsp;&nbsp; 
													<span class="tn">&nbsp;&nbsp;&nbsp;&nbsp;&nbsp;&nbsp;&nbsp;&nbsp;|---[And Doy click al boton finalizar compra]</span>
													
													<span class="td">Step skipped</span>
												</div>
											</div>
											<div class="st skip test l3" 
												tags=""
												devices="">
												<span class="tt">04.19.2022 16:04:52</span>&nbsp;
												<span class="ts">skip</span>&nbsp;&nbsp;
												<span class="tn">&nbsp;&nbsp;&nbsp;&nbsp;&nbsp;&nbsp;&nbsp;&nbsp;|---[And Elijo metodo de pago meses sin intereses] started</span>
												
												<div class="st skip">
													<span class="tt">04.19.2022 16:04:52</span>&nbsp;
													<span class="ts">skip</span>&nbsp;&nbsp; 
													<span class="tn">&nbsp;&nbsp;&nbsp;&nbsp;&nbsp;&nbsp;&nbsp;&nbsp;|---[And Elijo metodo de pago meses sin intereses]</span>
													
													<span class="td">Step skipped</span>
												</div>
											</div>
											<div class="st skip test l3" 
												tags=""
												devices="">
												<span class="tt">04.19.2022 16:04:52</span>&nbsp;
												<span class="ts">skip</span>&nbsp;&nbsp;
												<span class="tn">&nbsp;&nbsp;&nbsp;&nbsp;&nbsp;&nbsp;&nbsp;&nbsp;|---[And Elejir Cuscatlan] started</span>
												
												<div class="st skip">
													<span class="tt">04.19.2022 16:04:52</span>&nbsp;
													<span class="ts">skip</span>&nbsp;&nbsp; 
													<span class="tn">&nbsp;&nbsp;&nbsp;&nbsp;&nbsp;&nbsp;&nbsp;&nbsp;|---[And Elejir Cuscatlan]</span>
													
													<span class="td">Step skipped</span>
												</div>
											</div>
											<div class="st skip test l3" 
												tags=""
												devices="">
												<span class="tt">04.19.2022 16:04:52</span>&nbsp;
												<span class="ts">skip</span>&nbsp;&nbsp;
												<span class="tn">&nbsp;&nbsp;&nbsp;&nbsp;&nbsp;&nbsp;&nbsp;&nbsp;|---[And Elijo 2 de meses] started</span>
												
												<div class="st skip">
													<span class="tt">04.19.2022 16:04:52</span>&nbsp;
													<span class="ts">skip</span>&nbsp;&nbsp; 
													<span class="tn">&nbsp;&nbsp;&nbsp;&nbsp;&nbsp;&nbsp;&nbsp;&nbsp;|---[And Elijo 2 de meses]</span>
													
													<span class="td">Step skipped</span>
												</div>
											</div>
											<div class="st skip test l3" 
												tags=""
												devices="">
												<span class="tt">04.19.2022 16:04:52</span>&nbsp;
												<span class="ts">skip</span>&nbsp;&nbsp;
												<span class="tn">&nbsp;&nbsp;&nbsp;&nbsp;&nbsp;&nbsp;&nbsp;&nbsp;|---[And Doy click al boton de comprar ahora] started</span>
												
												<div class="st skip">
													<span class="tt">04.19.2022 16:04:52</span>&nbsp;
													<span class="ts">skip</span>&nbsp;&nbsp; 
													<span class="tn">&nbsp;&nbsp;&nbsp;&nbsp;&nbsp;&nbsp;&nbsp;&nbsp;|---[And Doy click al boton de comprar ahora]</span>
													
													<span class="td">Step skipped</span>
												</div>
											</div>
											<div class="st skip test l3" 
												tags=""
												devices="">
												<span class="tt">04.19.2022 16:04:52</span>&nbsp;
												<span class="ts">skip</span>&nbsp;&nbsp;
												<span class="tn">&nbsp;&nbsp;&nbsp;&nbsp;&nbsp;&nbsp;&nbsp;&nbsp;|---[Then Producto fue comprado exitosamente] started</span>
												
												<div class="st skip">
													<span class="tt">04.19.2022 16:04:52</span>&nbsp;
													<span class="ts">skip</span>&nbsp;&nbsp; 
													<span class="tn">&nbsp;&nbsp;&nbsp;&nbsp;&nbsp;&nbsp;&nbsp;&nbsp;|---[Then Producto fue comprado exitosamente]</span>
													
													<span class="td">Step skipped</span>
												</div>
											</div>
											<div class="st fail test l2" 
												tags="@Productos"
												devices="">
												<span class="tt">04.19.2022 16:04:52</span>&nbsp;
												<span class="ts">fail</span>&nbsp;&nbsp;
												<span class="tn">&nbsp;&nbsp;&nbsp;&nbsp;|---[Probar metodo meses sin intereses sin SP] started</span>
												<span class="category-list">
													<span class="category badge"><i class="fa fa-tag"></i> @Productos</span>
												</span>
												
											</div>
											<div class="st pass test l3" 
												tags=""
												devices="">
												<span class="tt">04.19.2022 16:04:52</span>&nbsp;
												<span class="ts">pass</span>&nbsp;&nbsp;
												<span class="tn">&nbsp;&nbsp;&nbsp;&nbsp;&nbsp;&nbsp;&nbsp;&nbsp;|---[Given Navego a siman.com] started</span>
												
												<div class="st pass">
													<span class="tt">04.19.2022 16:04:59</span>&nbsp;
													<span class="ts">pass</span>&nbsp;&nbsp; 
													<span class="tn">&nbsp;&nbsp;&nbsp;&nbsp;&nbsp;&nbsp;&nbsp;&nbsp;|---[Given Navego a siman.com]</span>
													
													<span class="td"></span>
												</div>
											</div>
											<div class="st pass test l3" 
												tags=""
												devices="">
												<span class="tt">04.19.2022 16:04:59</span>&nbsp;
												<span class="ts">pass</span>&nbsp;&nbsp;
												<span class="tn">&nbsp;&nbsp;&nbsp;&nbsp;&nbsp;&nbsp;&nbsp;&nbsp;|---[When Busco 100934076 en siman.com] started</span>
												
												<div class="st pass">
													<span class="tt">04.19.2022 16:05:06</span>&nbsp;
													<span class="ts">pass</span>&nbsp;&nbsp; 
													<span class="tn">&nbsp;&nbsp;&nbsp;&nbsp;&nbsp;&nbsp;&nbsp;&nbsp;|---[When Busco 100934076 en siman.com]</span>
													
													<span class="td"></span>
												</div>
											</div>
											<div class="st pass test l3" 
												tags=""
												devices="">
												<span class="tt">04.19.2022 16:05:06</span>&nbsp;
												<span class="ts">pass</span>&nbsp;&nbsp;
												<span class="tn">&nbsp;&nbsp;&nbsp;&nbsp;&nbsp;&nbsp;&nbsp;&nbsp;|---[And Selecciono producto 2] started</span>
												
												<div class="st pass">
													<span class="tt">04.19.2022 16:05:09</span>&nbsp;
													<span class="ts">pass</span>&nbsp;&nbsp; 
													<span class="tn">&nbsp;&nbsp;&nbsp;&nbsp;&nbsp;&nbsp;&nbsp;&nbsp;|---[And Selecciono producto 2]</span>
													
													<span class="td"></span>
												</div>
											</div>
											<div class="st fail test l3" 
												tags=""
												devices="">
												<span class="tt">04.19.2022 16:05:09</span>&nbsp;
												<span class="ts">fail</span>&nbsp;&nbsp;
												<span class="tn">&nbsp;&nbsp;&nbsp;&nbsp;&nbsp;&nbsp;&nbsp;&nbsp;|---[And Doy click al boton comprar] started</span>
												
												<div class="st fail">
													<span class="tt">04.19.2022 16:05:31</span>&nbsp;
													<span class="ts">fail</span>&nbsp;&nbsp; 
													<span class="tn">&nbsp;&nbsp;&nbsp;&nbsp;&nbsp;&nbsp;&nbsp;&nbsp;|---[And Doy click al boton comprar]</span>
													
													<span class="td">threw an exception<br><textarea disabled class="code-block">org.openqa.selenium.TimeoutException: Expected condition failed: waiting for visibility of element located by By.cssSelector: //body/div[2]/div[1]/div[1]/div[1]/div[1]/div[1]/div[7]/div[1]/div[1]/div[1]/section[1]/div[1]/div[1]/div[1]/div[3]/div[1]/div[1]/div[2]/div[1]/div[9]/div[1]/div[1]/div[1]/div[1]/div[1]/div[2]/div[1]/div[1]/button[1] (tried for 20 second(s) with 500 milliseconds interval)
	at org.openqa.selenium.support.ui.WebDriverWait.timeoutException(WebDriverWait.java:95)
	at org.openqa.selenium.support.ui.FluentWait.until(FluentWait.java:272)
	at pages.BasePage.findByCSS(BasePage.java:148)
	at pages.BasePage.clickElementByCSS(BasePage.java:152)
	at pages.ProductosPage.clickBuyProduct(ProductosPage.java:224)
	at steps.ProductosSteps.botonComprar(ProductosSteps.java:56)
	at ?.Doy click al boton comprar(src/test/resources/features/Productos.feature:61)
Caused by: org.openqa.selenium.InvalidSelectorException: invalid selector: An invalid or illegal selector was specified
  (Session info: chrome=100.0.4896.127)
For documentation on this error, please visit: https://www.seleniumhq.org/exceptions/invalid_selector_exception.html
Build info: version: '3.141.59', revision: 'e82be7d358', time: '2018-11-14T08:17:03'
System info: host: 'DESKTOP-6KEC16J', ip: '192.168.56.1', os.name: 'Windows 10', os.arch: 'amd64', os.version: '10.0', java.version: '1.8.0_301'
Driver info: org.openqa.selenium.chrome.ChromeDriver
Capabilities {acceptInsecureCerts: false, browserName: chrome, browserVersion: 100.0.4896.127, chrome: {chromedriverVersion: 100.0.4896.60 (6a5d10861ce8..., userDataDir: C:\Users\eduar\AppData\Loca...}, goog:chromeOptions: {debuggerAddress: localhost:61524}, javascriptEnabled: true, networkConnectionEnabled: false, pageLoadStrategy: normal, platform: WINDOWS, platformName: WINDOWS, proxy: Proxy(), setWindowRect: true, strictFileInteractability: false, timeouts: {implicit: 0, pageLoad: 300000, script: 30000}, unhandledPromptBehavior: dismiss and notify, webauthn:extension:credBlob: true, webauthn:extension:largeBlob: true, webauthn:virtualAuthenticators: true}
Session ID: cbae7f0df08dc53057d3b061be07a322
*** Element info: {Using=css selector, value=//body/div[2]/div[1]/div[1]/div[1]/div[1]/div[1]/div[7]/div[1]/div[1]/div[1]/section[1]/div[1]/div[1]/div[1]/div[3]/div[1]/div[1]/div[2]/div[1]/div[9]/div[1]/div[1]/div[1]/div[1]/div[1]/div[2]/div[1]/div[1]/button[1]}
	at sun.reflect.GeneratedConstructorAccessor14.newInstance(Unknown Source)
	at sun.reflect.DelegatingConstructorAccessorImpl.newInstance(DelegatingConstructorAccessorImpl.java:45)
	at java.lang.reflect.Constructor.newInstance(Constructor.java:423)
	at org.openqa.selenium.remote.http.W3CHttpResponseCodec.createException(W3CHttpResponseCodec.java:187)
	at org.openqa.selenium.remote.http.W3CHttpResponseCodec.decode(W3CHttpResponseCodec.java:122)
	at org.openqa.selenium.remote.http.W3CHttpResponseCodec.decode(W3CHttpResponseCodec.java:49)
	at org.openqa.selenium.remote.HttpCommandExecutor.execute(HttpCommandExecutor.java:158)
	at org.openqa.selenium.remote.service.DriverCommandExecutor.execute(DriverCommandExecutor.java:83)
	at org.openqa.selenium.remote.RemoteWebDriver.execute(RemoteWebDriver.java:552)
	at org.openqa.selenium.remote.RemoteWebDriver.findElement(RemoteWebDriver.java:323)
	at org.openqa.selenium.remote.RemoteWebDriver.findElementByCssSelector(RemoteWebDriver.java:420)
	at org.openqa.selenium.By$ByCssSelector.findElement(By.java:431)
	at org.openqa.selenium.remote.RemoteWebDriver.findElement(RemoteWebDriver.java:315)
	at org.openqa.selenium.support.ui.ExpectedConditions$7.apply(ExpectedConditions.java:205)
	at org.openqa.selenium.support.ui.ExpectedConditions$7.apply(ExpectedConditions.java:201)
	at org.openqa.selenium.support.ui.FluentWait.until(FluentWait.java:249)
	at pages.BasePage.findByCSS(BasePage.java:148)
	at pages.BasePage.clickElementByCSS(BasePage.java:152)
	at pages.ProductosPage.clickBuyProduct(ProductosPage.java:224)
	at steps.ProductosSteps.botonComprar(ProductosSteps.java:56)
	at sun.reflect.NativeMethodAccessorImpl.invoke0(Native Method)
	at sun.reflect.NativeMethodAccessorImpl.invoke(NativeMethodAccessorImpl.java:62)
	at sun.reflect.DelegatingMethodAccessorImpl.invoke(DelegatingMethodAccessorImpl.java:43)
	at java.lang.reflect.Method.invoke(Method.java:498)
	at cucumber.runtime.Utils$1.call(Utils.java:26)
	at cucumber.runtime.Timeout.timeout(Timeout.java:16)
	at cucumber.runtime.Utils.invoke(Utils.java:20)
	at cucumber.runtime.java.JavaStepDefinition.execute(JavaStepDefinition.java:49)
	at cucumber.runner.PickleStepDefinitionMatch.runStep(PickleStepDefinitionMatch.java:50)
	at cucumber.runner.TestStep.executeStep(TestStep.java:63)
	at cucumber.runner.TestStep.run(TestStep.java:49)
	at cucumber.runner.PickleStepTestStep.run(PickleStepTestStep.java:43)
	at cucumber.runner.TestCase.run(TestCase.java:44)
	at cucumber.runner.Runner.runPickle(Runner.java:40)
	at cucumber.runtime.junit.PickleRunners$NoStepDescriptions.run(PickleRunners.java:146)
	at cucumber.runtime.junit.FeatureRunner.runChild(FeatureRunner.java:68)
	at cucumber.runtime.junit.FeatureRunner.runChild(FeatureRunner.java:23)
	at org.junit.runners.ParentRunner$3.run(ParentRunner.java:290)
	at org.junit.runners.ParentRunner$1.schedule(ParentRunner.java:71)
	at org.junit.runners.ParentRunner.runChildren(ParentRunner.java:288)
	at org.junit.runners.ParentRunner.access$000(ParentRunner.java:58)
	at org.junit.runners.ParentRunner$2.evaluate(ParentRunner.java:268)
	at org.junit.runners.ParentRunner.run(ParentRunner.java:363)
	at cucumber.runtime.junit.FeatureRunner.run(FeatureRunner.java:73)
	at cucumber.api.junit.Cucumber.runChild(Cucumber.java:124)
	at cucumber.api.junit.Cucumber.runChild(Cucumber.java:65)
	at org.junit.runners.ParentRunner$3.run(ParentRunner.java:290)
	at org.junit.runners.ParentRunner$1.schedule(ParentRunner.java:71)
	at org.junit.runners.ParentRunner.runChildren(ParentRunner.java:288)
	at org.junit.runners.ParentRunner.access$000(ParentRunner.java:58)
	at org.junit.runners.ParentRunner$2.evaluate(ParentRunner.java:268)
	at cucumber.api.junit.Cucumber$1.evaluate(Cucumber.java:133)
	at org.junit.internal.runners.statements.RunAfters.evaluate(RunAfters.java:27)
	at org.junit.runners.ParentRunner.run(ParentRunner.java:363)
	at org.gradle.api.internal.tasks.testing.junit.JUnitTestClassExecutor.runTestClass(JUnitTestClassExecutor.java:110)
	at org.gradle.api.internal.tasks.testing.junit.JUnitTestClassExecutor.execute(JUnitTestClassExecutor.java:58)
	at org.gradle.api.internal.tasks.testing.junit.JUnitTestClassExecutor.execute(JUnitTestClassExecutor.java:38)
	at org.gradle.api.internal.tasks.testing.junit.AbstractJUnitTestClassProcessor.processTestClass(AbstractJUnitTestClassProcessor.java:62)
	at org.gradle.api.internal.tasks.testing.SuiteTestClassProcessor.processTestClass(SuiteTestClassProcessor.java:51)
	at sun.reflect.NativeMethodAccessorImpl.invoke0(Native Method)
	at sun.reflect.NativeMethodAccessorImpl.invoke(NativeMethodAccessorImpl.java:62)
	at sun.reflect.DelegatingMethodAccessorImpl.invoke(DelegatingMethodAccessorImpl.java:43)
	at java.lang.reflect.Method.invoke(Method.java:498)
	at org.gradle.internal.dispatch.ReflectionDispatch.dispatch(ReflectionDispatch.java:36)
	at org.gradle.internal.dispatch.ReflectionDispatch.dispatch(ReflectionDispatch.java:24)
	at org.gradle.internal.dispatch.ContextClassLoaderDispatch.dispatch(ContextClassLoaderDispatch.java:33)
	at org.gradle.internal.dispatch.ProxyDispatchAdapter$DispatchingInvocationHandler.invoke(ProxyDispatchAdapter.java:94)
	at com.sun.proxy.$Proxy2.processTestClass(Unknown Source)
	at org.gradle.api.internal.tasks.testing.worker.TestWorker.processTestClass(TestWorker.java:121)
	at sun.reflect.NativeMethodAccessorImpl.invoke0(Native Method)
	at sun.reflect.NativeMethodAccessorImpl.invoke(NativeMethodAccessorImpl.java:62)
	at sun.reflect.DelegatingMethodAccessorImpl.invoke(DelegatingMethodAccessorImpl.java:43)
	at java.lang.reflect.Method.invoke(Method.java:498)
	at org.gradle.internal.dispatch.ReflectionDispatch.dispatch(ReflectionDispatch.java:36)
	at org.gradle.internal.dispatch.ReflectionDispatch.dispatch(ReflectionDispatch.java:24)
	at org.gradle.internal.remote.internal.hub.MessageHubBackedObjectConnection$DispatchWrapper.dispatch(MessageHubBackedObjectConnection.java:182)
	at org.gradle.internal.remote.internal.hub.MessageHubBackedObjectConnection$DispatchWrapper.dispatch(MessageHubBackedObjectConnection.java:164)
	at org.gradle.internal.remote.internal.hub.MessageHub$Handler.run(MessageHub.java:414)
	at org.gradle.internal.concurrent.ExecutorPolicy$CatchAndRecordFailures.onExecute(ExecutorPolicy.java:64)
	at org.gradle.internal.concurrent.ManagedExecutorImpl$1.run(ManagedExecutorImpl.java:48)
	at java.util.concurrent.ThreadPoolExecutor.runWorker(ThreadPoolExecutor.java:1149)
	at java.util.concurrent.ThreadPoolExecutor$Worker.run(ThreadPoolExecutor.java:624)
	at org.gradle.internal.concurrent.ThreadFactoryImpl$ManagedThreadRunnable.run(ThreadFactoryImpl.java:56)
	at java.lang.Thread.run(Thread.java:748)
</textarea></span>
												</div>
											</div>
											<div class="st skip test l3" 
												tags=""
												devices="">
												<span class="tt">04.19.2022 16:05:31</span>&nbsp;
												<span class="ts">skip</span>&nbsp;&nbsp;
												<span class="tn">&nbsp;&nbsp;&nbsp;&nbsp;&nbsp;&nbsp;&nbsp;&nbsp;|---[And Doy click al boton finalizar compra] started</span>
												
												<div class="st skip">
													<span class="tt">04.19.2022 16:05:31</span>&nbsp;
													<span class="ts">skip</span>&nbsp;&nbsp; 
													<span class="tn">&nbsp;&nbsp;&nbsp;&nbsp;&nbsp;&nbsp;&nbsp;&nbsp;|---[And Doy click al boton finalizar compra]</span>
													
													<span class="td">Step skipped</span>
												</div>
											</div>
											<div class="st skip test l3" 
												tags=""
												devices="">
												<span class="tt">04.19.2022 16:05:31</span>&nbsp;
												<span class="ts">skip</span>&nbsp;&nbsp;
												<span class="tn">&nbsp;&nbsp;&nbsp;&nbsp;&nbsp;&nbsp;&nbsp;&nbsp;|---[And Elijo metodo de pago meses sin intereses] started</span>
												
												<div class="st skip">
													<span class="tt">04.19.2022 16:05:31</span>&nbsp;
													<span class="ts">skip</span>&nbsp;&nbsp; 
													<span class="tn">&nbsp;&nbsp;&nbsp;&nbsp;&nbsp;&nbsp;&nbsp;&nbsp;|---[And Elijo metodo de pago meses sin intereses]</span>
													
													<span class="td">Step skipped</span>
												</div>
											</div>
											<div class="st skip test l3" 
												tags=""
												devices="">
												<span class="tt">04.19.2022 16:05:31</span>&nbsp;
												<span class="ts">skip</span>&nbsp;&nbsp;
												<span class="tn">&nbsp;&nbsp;&nbsp;&nbsp;&nbsp;&nbsp;&nbsp;&nbsp;|---[And Elejir BAC] started</span>
												
												<div class="st skip">
													<span class="tt">04.19.2022 16:05:31</span>&nbsp;
													<span class="ts">skip</span>&nbsp;&nbsp; 
													<span class="tn">&nbsp;&nbsp;&nbsp;&nbsp;&nbsp;&nbsp;&nbsp;&nbsp;|---[And Elejir BAC]</span>
													
													<span class="td">Step skipped</span>
												</div>
											</div>
											<div class="st skip test l3" 
												tags=""
												devices="">
												<span class="tt">04.19.2022 16:05:31</span>&nbsp;
												<span class="ts">skip</span>&nbsp;&nbsp;
												<span class="tn">&nbsp;&nbsp;&nbsp;&nbsp;&nbsp;&nbsp;&nbsp;&nbsp;|---[And Elijo 1 de meses] started</span>
												
												<div class="st skip">
													<span class="tt">04.19.2022 16:05:31</span>&nbsp;
													<span class="ts">skip</span>&nbsp;&nbsp; 
													<span class="tn">&nbsp;&nbsp;&nbsp;&nbsp;&nbsp;&nbsp;&nbsp;&nbsp;|---[And Elijo 1 de meses]</span>
													
													<span class="td">Step skipped</span>
												</div>
											</div>
											<div class="st skip test l3" 
												tags=""
												devices="">
												<span class="tt">04.19.2022 16:05:31</span>&nbsp;
												<span class="ts">skip</span>&nbsp;&nbsp;
												<span class="tn">&nbsp;&nbsp;&nbsp;&nbsp;&nbsp;&nbsp;&nbsp;&nbsp;|---[And Doy click al boton de comprar ahora] started</span>
												
												<div class="st skip">
													<span class="tt">04.19.2022 16:05:31</span>&nbsp;
													<span class="ts">skip</span>&nbsp;&nbsp; 
													<span class="tn">&nbsp;&nbsp;&nbsp;&nbsp;&nbsp;&nbsp;&nbsp;&nbsp;|---[And Doy click al boton de comprar ahora]</span>
													
													<span class="td">Step skipped</span>
												</div>
											</div>
											<div class="st skip test l3" 
												tags=""
												devices="">
												<span class="tt">04.19.2022 16:05:31</span>&nbsp;
												<span class="ts">skip</span>&nbsp;&nbsp;
												<span class="tn">&nbsp;&nbsp;&nbsp;&nbsp;&nbsp;&nbsp;&nbsp;&nbsp;|---[Then Producto fue comprado exitosamente] started</span>
												
												<div class="st skip">
													<span class="tt">04.19.2022 16:05:31</span>&nbsp;
													<span class="ts">skip</span>&nbsp;&nbsp; 
													<span class="tn">&nbsp;&nbsp;&nbsp;&nbsp;&nbsp;&nbsp;&nbsp;&nbsp;|---[Then Producto fue comprado exitosamente]</span>
													
													<span class="td">Step skipped</span>
												</div>
											</div>
											<div class="st fail test l1" 
												tags=""
												devices="">
												<span class="tt">04.19.2022 16:05:31</span>&nbsp;
												<span class="ts">fail</span>&nbsp;&nbsp;
												<span class="tn">|---[Probar metodo meses sin intereses con SP] started</span>
												
											</div>
											<div class="st fail test l2" 
												tags="@Productos"
												devices="">
												<span class="tt">04.19.2022 16:05:31</span>&nbsp;
												<span class="ts">fail</span>&nbsp;&nbsp;
												<span class="tn">&nbsp;&nbsp;&nbsp;&nbsp;|---[Probar metodo meses sin intereses con SP] started</span>
												<span class="category-list">
													<span class="category badge"><i class="fa fa-tag"></i> @Productos</span>
												</span>
												
											</div>
											<div class="st fail test l3" 
												tags=""
												devices="">
												<span class="tt">04.19.2022 16:05:31</span>&nbsp;
												<span class="ts">fail</span>&nbsp;&nbsp;
												<span class="tn">&nbsp;&nbsp;&nbsp;&nbsp;&nbsp;&nbsp;&nbsp;&nbsp;|---[Given Navego a siman.com] started</span>
												
												<div class="st fail">
													<span class="tt">04.19.2022 16:05:31</span>&nbsp;
													<span class="ts">fail</span>&nbsp;&nbsp; 
													<span class="tn">&nbsp;&nbsp;&nbsp;&nbsp;&nbsp;&nbsp;&nbsp;&nbsp;|---[Given Navego a siman.com]</span>
													
													<span class="td">threw an exception<br><textarea disabled class="code-block">org.openqa.selenium.WebDriverException: unknown error: failed to change window state to 'normal', current state is 'maximized'
  (Session info: chrome=100.0.4896.127)
Build info: version: '3.141.59', revision: 'e82be7d358', time: '2018-11-14T08:17:03'
System info: host: 'DESKTOP-6KEC16J', ip: '192.168.56.1', os.name: 'Windows 10', os.arch: 'amd64', os.version: '10.0', java.version: '1.8.0_301'
Driver info: org.openqa.selenium.chrome.ChromeDriver
Capabilities {acceptInsecureCerts: false, browserName: chrome, browserVersion: 100.0.4896.127, chrome: {chromedriverVersion: 100.0.4896.60 (6a5d10861ce8..., userDataDir: C:\Users\eduar\AppData\Loca...}, goog:chromeOptions: {debuggerAddress: localhost:61524}, javascriptEnabled: true, networkConnectionEnabled: false, pageLoadStrategy: normal, platform: WINDOWS, platformName: WINDOWS, proxy: Proxy(), setWindowRect: true, strictFileInteractability: false, timeouts: {implicit: 0, pageLoad: 300000, script: 30000}, unhandledPromptBehavior: dismiss and notify, webauthn:extension:credBlob: true, webauthn:extension:largeBlob: true, webauthn:virtualAuthenticators: true}
Session ID: cbae7f0df08dc53057d3b061be07a322
	at sun.reflect.NativeConstructorAccessorImpl.newInstance0(Native Method)
	at sun.reflect.NativeConstructorAccessorImpl.newInstance(NativeConstructorAccessorImpl.java:62)
	at sun.reflect.DelegatingConstructorAccessorImpl.newInstance(DelegatingConstructorAccessorImpl.java:45)
	at java.lang.reflect.Constructor.newInstance(Constructor.java:423)
	at org.openqa.selenium.remote.http.W3CHttpResponseCodec.createException(W3CHttpResponseCodec.java:187)
	at org.openqa.selenium.remote.http.W3CHttpResponseCodec.decode(W3CHttpResponseCodec.java:122)
	at org.openqa.selenium.remote.http.W3CHttpResponseCodec.decode(W3CHttpResponseCodec.java:49)
	at org.openqa.selenium.remote.HttpCommandExecutor.execute(HttpCommandExecutor.java:158)
	at org.openqa.selenium.remote.service.DriverCommandExecutor.execute(DriverCommandExecutor.java:83)
	at org.openqa.selenium.remote.RemoteWebDriver.execute(RemoteWebDriver.java:552)
	at org.openqa.selenium.remote.RemoteWebDriver.execute(RemoteWebDriver.java:609)
	at org.openqa.selenium.remote.RemoteWebDriver$RemoteWebDriverOptions$RemoteWindow.maximize(RemoteWebDriver.java:837)
	at pages.BasePage.maxWindow(BasePage.java:201)
	at steps.ProductosSteps.navigateToSimanPage(ProductosSteps.java:17)
	at ?.Navego a siman.com(src/test/resources/features/Productos.feature:6)
</textarea></span>
												</div>
											</div>
											<div class="st skip test l3" 
												tags=""
												devices="">
												<span class="tt">04.19.2022 16:05:31</span>&nbsp;
												<span class="ts">skip</span>&nbsp;&nbsp;
												<span class="tn">&nbsp;&nbsp;&nbsp;&nbsp;&nbsp;&nbsp;&nbsp;&nbsp;|---[When Busco 101103840 en siman.com] started</span>
												
												<div class="st skip">
													<span class="tt">04.19.2022 16:05:31</span>&nbsp;
													<span class="ts">skip</span>&nbsp;&nbsp; 
													<span class="tn">&nbsp;&nbsp;&nbsp;&nbsp;&nbsp;&nbsp;&nbsp;&nbsp;|---[When Busco 101103840 en siman.com]</span>
													
													<span class="td">Step skipped</span>
												</div>
											</div>
											<div class="st skip test l3" 
												tags=""
												devices="">
												<span class="tt">04.19.2022 16:05:31</span>&nbsp;
												<span class="ts">skip</span>&nbsp;&nbsp;
												<span class="tn">&nbsp;&nbsp;&nbsp;&nbsp;&nbsp;&nbsp;&nbsp;&nbsp;|---[And Selecciono producto 2] started</span>
												
												<div class="st skip">
													<span class="tt">04.19.2022 16:05:31</span>&nbsp;
													<span class="ts">skip</span>&nbsp;&nbsp; 
													<span class="tn">&nbsp;&nbsp;&nbsp;&nbsp;&nbsp;&nbsp;&nbsp;&nbsp;|---[And Selecciono producto 2]</span>
													
													<span class="td">Step skipped</span>
												</div>
											</div>
											<div class="st skip test l3" 
												tags=""
												devices="">
												<span class="tt">04.19.2022 16:05:31</span>&nbsp;
												<span class="ts">skip</span>&nbsp;&nbsp;
												<span class="tn">&nbsp;&nbsp;&nbsp;&nbsp;&nbsp;&nbsp;&nbsp;&nbsp;|---[And Dar click a boton de Siman Pro] started</span>
												
												<div class="st skip">
													<span class="tt">04.19.2022 16:05:31</span>&nbsp;
													<span class="ts">skip</span>&nbsp;&nbsp; 
													<span class="tn">&nbsp;&nbsp;&nbsp;&nbsp;&nbsp;&nbsp;&nbsp;&nbsp;|---[And Dar click a boton de Siman Pro]</span>
													
													<span class="td">Step skipped</span>
												</div>
											</div>
											<div class="st skip test l3" 
												tags=""
												devices="">
												<span class="tt">04.19.2022 16:05:31</span>&nbsp;
												<span class="ts">skip</span>&nbsp;&nbsp;
												<span class="tn">&nbsp;&nbsp;&nbsp;&nbsp;&nbsp;&nbsp;&nbsp;&nbsp;|---[And Doy click al boton comprar] started</span>
												
												<div class="st skip">
													<span class="tt">04.19.2022 16:05:31</span>&nbsp;
													<span class="ts">skip</span>&nbsp;&nbsp; 
													<span class="tn">&nbsp;&nbsp;&nbsp;&nbsp;&nbsp;&nbsp;&nbsp;&nbsp;|---[And Doy click al boton comprar]</span>
													
													<span class="td">Step skipped</span>
												</div>
											</div>
											<div class="st skip test l3" 
												tags=""
												devices="">
												<span class="tt">04.19.2022 16:05:31</span>&nbsp;
												<span class="ts">skip</span>&nbsp;&nbsp;
												<span class="tn">&nbsp;&nbsp;&nbsp;&nbsp;&nbsp;&nbsp;&nbsp;&nbsp;|---[And Doy click al boton finalizar compra] started</span>
												
												<div class="st skip">
													<span class="tt">04.19.2022 16:05:31</span>&nbsp;
													<span class="ts">skip</span>&nbsp;&nbsp; 
													<span class="tn">&nbsp;&nbsp;&nbsp;&nbsp;&nbsp;&nbsp;&nbsp;&nbsp;|---[And Doy click al boton finalizar compra]</span>
													
													<span class="td">Step skipped</span>
												</div>
											</div>
											<div class="st skip test l3" 
												tags=""
												devices="">
												<span class="tt">04.19.2022 16:05:31</span>&nbsp;
												<span class="ts">skip</span>&nbsp;&nbsp;
												<span class="tn">&nbsp;&nbsp;&nbsp;&nbsp;&nbsp;&nbsp;&nbsp;&nbsp;|---[And Elijo metodo de pago meses sin intereses] started</span>
												
												<div class="st skip">
													<span class="tt">04.19.2022 16:05:31</span>&nbsp;
													<span class="ts">skip</span>&nbsp;&nbsp; 
													<span class="tn">&nbsp;&nbsp;&nbsp;&nbsp;&nbsp;&nbsp;&nbsp;&nbsp;|---[And Elijo metodo de pago meses sin intereses]</span>
													
													<span class="td">Step skipped</span>
												</div>
											</div>
											<div class="st skip test l3" 
												tags=""
												devices="">
												<span class="tt">04.19.2022 16:05:31</span>&nbsp;
												<span class="ts">skip</span>&nbsp;&nbsp;
												<span class="tn">&nbsp;&nbsp;&nbsp;&nbsp;&nbsp;&nbsp;&nbsp;&nbsp;|---[And Elejir Davivienda] started</span>
												
												<div class="st skip">
													<span class="tt">04.19.2022 16:05:31</span>&nbsp;
													<span class="ts">skip</span>&nbsp;&nbsp; 
													<span class="tn">&nbsp;&nbsp;&nbsp;&nbsp;&nbsp;&nbsp;&nbsp;&nbsp;|---[And Elejir Davivienda]</span>
													
													<span class="td">Step skipped</span>
												</div>
											</div>
											<div class="st skip test l3" 
												tags=""
												devices="">
												<span class="tt">04.19.2022 16:05:31</span>&nbsp;
												<span class="ts">skip</span>&nbsp;&nbsp;
												<span class="tn">&nbsp;&nbsp;&nbsp;&nbsp;&nbsp;&nbsp;&nbsp;&nbsp;|---[And Elijo 2 de meses] started</span>
												
												<div class="st skip">
													<span class="tt">04.19.2022 16:05:31</span>&nbsp;
													<span class="ts">skip</span>&nbsp;&nbsp; 
													<span class="tn">&nbsp;&nbsp;&nbsp;&nbsp;&nbsp;&nbsp;&nbsp;&nbsp;|---[And Elijo 2 de meses]</span>
													
													<span class="td">Step skipped</span>
												</div>
											</div>
											<div class="st skip test l3" 
												tags=""
												devices="">
												<span class="tt">04.19.2022 16:05:31</span>&nbsp;
												<span class="ts">skip</span>&nbsp;&nbsp;
												<span class="tn">&nbsp;&nbsp;&nbsp;&nbsp;&nbsp;&nbsp;&nbsp;&nbsp;|---[And Doy click al boton de comprar ahora] started</span>
												
												<div class="st skip">
													<span class="tt">04.19.2022 16:05:31</span>&nbsp;
													<span class="ts">skip</span>&nbsp;&nbsp; 
													<span class="tn">&nbsp;&nbsp;&nbsp;&nbsp;&nbsp;&nbsp;&nbsp;&nbsp;|---[And Doy click al boton de comprar ahora]</span>
													
													<span class="td">Step skipped</span>
												</div>
											</div>
											<div class="st skip test l3" 
												tags=""
												devices="">
												<span class="tt">04.19.2022 16:05:31</span>&nbsp;
												<span class="ts">skip</span>&nbsp;&nbsp;
												<span class="tn">&nbsp;&nbsp;&nbsp;&nbsp;&nbsp;&nbsp;&nbsp;&nbsp;|---[Then Producto fue comprado exitosamente] started</span>
												
												<div class="st skip">
													<span class="tt">04.19.2022 16:05:31</span>&nbsp;
													<span class="ts">skip</span>&nbsp;&nbsp; 
													<span class="tn">&nbsp;&nbsp;&nbsp;&nbsp;&nbsp;&nbsp;&nbsp;&nbsp;|---[Then Producto fue comprado exitosamente]</span>
													
													<span class="td">Step skipped</span>
												</div>
											</div>
											<div class="st fail test l2" 
												tags="@Productos"
												devices="">
												<span class="tt">04.19.2022 16:05:31</span>&nbsp;
												<span class="ts">fail</span>&nbsp;&nbsp;
												<span class="tn">&nbsp;&nbsp;&nbsp;&nbsp;|---[Probar metodo meses sin intereses con SP] started</span>
												<span class="category-list">
													<span class="category badge"><i class="fa fa-tag"></i> @Productos</span>
												</span>
												
											</div>
											<div class="st pass test l3" 
												tags=""
												devices="">
												<span class="tt">04.19.2022 16:05:31</span>&nbsp;
												<span class="ts">pass</span>&nbsp;&nbsp;
												<span class="tn">&nbsp;&nbsp;&nbsp;&nbsp;&nbsp;&nbsp;&nbsp;&nbsp;|---[Given Navego a siman.com] started</span>
												
												<div class="st pass">
													<span class="tt">04.19.2022 16:05:34</span>&nbsp;
													<span class="ts">pass</span>&nbsp;&nbsp; 
													<span class="tn">&nbsp;&nbsp;&nbsp;&nbsp;&nbsp;&nbsp;&nbsp;&nbsp;|---[Given Navego a siman.com]</span>
													
													<span class="td"></span>
												</div>
											</div>
											<div class="st fail test l3" 
												tags=""
												devices="">
												<span class="tt">04.19.2022 16:05:34</span>&nbsp;
												<span class="ts">fail</span>&nbsp;&nbsp;
												<span class="tn">&nbsp;&nbsp;&nbsp;&nbsp;&nbsp;&nbsp;&nbsp;&nbsp;|---[When Busco 100486533 en siman.com] started</span>
												
												<div class="st fail">
													<span class="tt">04.19.2022 16:05:58</span>&nbsp;
													<span class="ts">fail</span>&nbsp;&nbsp; 
													<span class="tn">&nbsp;&nbsp;&nbsp;&nbsp;&nbsp;&nbsp;&nbsp;&nbsp;|---[When Busco 100486533 en siman.com]</span>
													
													<span class="td">threw an exception<br><textarea disabled class="code-block">org.openqa.selenium.TimeoutException: Expected condition failed: waiting for visibility of element located by By.className: vtex-styleguide-9-x-input (tried for 20 second(s) with 500 milliseconds interval)
	at org.openqa.selenium.support.ui.WebDriverWait.timeoutException(WebDriverWait.java:95)
	at org.openqa.selenium.support.ui.FluentWait.until(FluentWait.java:272)
	at pages.BasePage.findByClass(BasePage.java:97)
	at pages.BasePage.clickElementByClass(BasePage.java:101)
	at pages.ProductosPage.buscarProducto(ProductosPage.java:100)
	at steps.ProductosSteps.buscarProductoSiman(ProductosSteps.java:24)
	at ?.Busco 100486533 en siman.com(src/test/resources/features/Productos.feature:77)
Caused by: org.openqa.selenium.NoSuchWindowException: no such window: target window already closed
from unknown error: web view not found
  (Session info: chrome=100.0.4896.127)
Build info: version: '3.141.59', revision: 'e82be7d358', time: '2018-11-14T08:17:03'
System info: host: 'DESKTOP-6KEC16J', ip: '192.168.56.1', os.name: 'Windows 10', os.arch: 'amd64', os.version: '10.0', java.version: '1.8.0_301'
Driver info: org.openqa.selenium.chrome.ChromeDriver
Capabilities {acceptInsecureCerts: false, browserName: chrome, browserVersion: 100.0.4896.127, chrome: {chromedriverVersion: 100.0.4896.60 (6a5d10861ce8..., userDataDir: C:\Users\eduar\AppData\Loca...}, goog:chromeOptions: {debuggerAddress: localhost:61524}, javascriptEnabled: true, networkConnectionEnabled: false, pageLoadStrategy: normal, platform: WINDOWS, platformName: WINDOWS, proxy: Proxy(), setWindowRect: true, strictFileInteractability: false, timeouts: {implicit: 0, pageLoad: 300000, script: 30000}, unhandledPromptBehavior: dismiss and notify, webauthn:extension:credBlob: true, webauthn:extension:largeBlob: true, webauthn:virtualAuthenticators: true}
Session ID: cbae7f0df08dc53057d3b061be07a322
*** Element info: {Using=class name, value=vtex-styleguide-9-x-input}
	at sun.reflect.GeneratedConstructorAccessor16.newInstance(Unknown Source)
	at sun.reflect.DelegatingConstructorAccessorImpl.newInstance(DelegatingConstructorAccessorImpl.java:45)
	at java.lang.reflect.Constructor.newInstance(Constructor.java:423)
	at org.openqa.selenium.remote.http.W3CHttpResponseCodec.createException(W3CHttpResponseCodec.java:187)
	at org.openqa.selenium.remote.http.W3CHttpResponseCodec.decode(W3CHttpResponseCodec.java:122)
	at org.openqa.selenium.remote.http.W3CHttpResponseCodec.decode(W3CHttpResponseCodec.java:49)
	at org.openqa.selenium.remote.HttpCommandExecutor.execute(HttpCommandExecutor.java:158)
	at org.openqa.selenium.remote.service.DriverCommandExecutor.execute(DriverCommandExecutor.java:83)
	at org.openqa.selenium.remote.RemoteWebDriver.execute(RemoteWebDriver.java:552)
	at org.openqa.selenium.remote.RemoteWebDriver.findElement(RemoteWebDriver.java:323)
	at org.openqa.selenium.remote.RemoteWebDriver.findElementByClassName(RemoteWebDriver.java:412)
	at org.openqa.selenium.By$ByClassName.findElement(By.java:389)
	at org.openqa.selenium.remote.RemoteWebDriver.findElement(RemoteWebDriver.java:315)
	at org.openqa.selenium.support.ui.ExpectedConditions$7.apply(ExpectedConditions.java:205)
	at org.openqa.selenium.support.ui.ExpectedConditions$7.apply(ExpectedConditions.java:201)
	at org.openqa.selenium.support.ui.FluentWait.until(FluentWait.java:249)
	at pages.BasePage.findByClass(BasePage.java:97)
	at pages.BasePage.clickElementByClass(BasePage.java:101)
	at pages.ProductosPage.buscarProducto(ProductosPage.java:100)
	at steps.ProductosSteps.buscarProductoSiman(ProductosSteps.java:24)
	at sun.reflect.NativeMethodAccessorImpl.invoke0(Native Method)
	at sun.reflect.NativeMethodAccessorImpl.invoke(NativeMethodAccessorImpl.java:62)
	at sun.reflect.DelegatingMethodAccessorImpl.invoke(DelegatingMethodAccessorImpl.java:43)
	at java.lang.reflect.Method.invoke(Method.java:498)
	at cucumber.runtime.Utils$1.call(Utils.java:26)
	at cucumber.runtime.Timeout.timeout(Timeout.java:16)
	at cucumber.runtime.Utils.invoke(Utils.java:20)
	at cucumber.runtime.java.JavaStepDefinition.execute(JavaStepDefinition.java:49)
	at cucumber.runner.PickleStepDefinitionMatch.runStep(PickleStepDefinitionMatch.java:50)
	at cucumber.runner.TestStep.executeStep(TestStep.java:63)
	at cucumber.runner.TestStep.run(TestStep.java:49)
	at cucumber.runner.PickleStepTestStep.run(PickleStepTestStep.java:43)
	at cucumber.runner.TestCase.run(TestCase.java:44)
	at cucumber.runner.Runner.runPickle(Runner.java:40)
	at cucumber.runtime.junit.PickleRunners$NoStepDescriptions.run(PickleRunners.java:146)
	at cucumber.runtime.junit.FeatureRunner.runChild(FeatureRunner.java:68)
	at cucumber.runtime.junit.FeatureRunner.runChild(FeatureRunner.java:23)
	at org.junit.runners.ParentRunner$3.run(ParentRunner.java:290)
	at org.junit.runners.ParentRunner$1.schedule(ParentRunner.java:71)
	at org.junit.runners.ParentRunner.runChildren(ParentRunner.java:288)
	at org.junit.runners.ParentRunner.access$000(ParentRunner.java:58)
	at org.junit.runners.ParentRunner$2.evaluate(ParentRunner.java:268)
	at org.junit.runners.ParentRunner.run(ParentRunner.java:363)
	at cucumber.runtime.junit.FeatureRunner.run(FeatureRunner.java:73)
	at cucumber.api.junit.Cucumber.runChild(Cucumber.java:124)
	at cucumber.api.junit.Cucumber.runChild(Cucumber.java:65)
	at org.junit.runners.ParentRunner$3.run(ParentRunner.java:290)
	at org.junit.runners.ParentRunner$1.schedule(ParentRunner.java:71)
	at org.junit.runners.ParentRunner.runChildren(ParentRunner.java:288)
	at org.junit.runners.ParentRunner.access$000(ParentRunner.java:58)
	at org.junit.runners.ParentRunner$2.evaluate(ParentRunner.java:268)
	at cucumber.api.junit.Cucumber$1.evaluate(Cucumber.java:133)
	at org.junit.internal.runners.statements.RunAfters.evaluate(RunAfters.java:27)
	at org.junit.runners.ParentRunner.run(ParentRunner.java:363)
	at org.gradle.api.internal.tasks.testing.junit.JUnitTestClassExecutor.runTestClass(JUnitTestClassExecutor.java:110)
	at org.gradle.api.internal.tasks.testing.junit.JUnitTestClassExecutor.execute(JUnitTestClassExecutor.java:58)
	at org.gradle.api.internal.tasks.testing.junit.JUnitTestClassExecutor.execute(JUnitTestClassExecutor.java:38)
	at org.gradle.api.internal.tasks.testing.junit.AbstractJUnitTestClassProcessor.processTestClass(AbstractJUnitTestClassProcessor.java:62)
	at org.gradle.api.internal.tasks.testing.SuiteTestClassProcessor.processTestClass(SuiteTestClassProcessor.java:51)
	at sun.reflect.NativeMethodAccessorImpl.invoke0(Native Method)
	at sun.reflect.NativeMethodAccessorImpl.invoke(NativeMethodAccessorImpl.java:62)
	at sun.reflect.DelegatingMethodAccessorImpl.invoke(DelegatingMethodAccessorImpl.java:43)
	at java.lang.reflect.Method.invoke(Method.java:498)
	at org.gradle.internal.dispatch.ReflectionDispatch.dispatch(ReflectionDispatch.java:36)
	at org.gradle.internal.dispatch.ReflectionDispatch.dispatch(ReflectionDispatch.java:24)
	at org.gradle.internal.dispatch.ContextClassLoaderDispatch.dispatch(ContextClassLoaderDispatch.java:33)
	at org.gradle.internal.dispatch.ProxyDispatchAdapter$DispatchingInvocationHandler.invoke(ProxyDispatchAdapter.java:94)
	at com.sun.proxy.$Proxy2.processTestClass(Unknown Source)
	at org.gradle.api.internal.tasks.testing.worker.TestWorker.processTestClass(TestWorker.java:121)
	at sun.reflect.NativeMethodAccessorImpl.invoke0(Native Method)
	at sun.reflect.NativeMethodAccessorImpl.invoke(NativeMethodAccessorImpl.java:62)
	at sun.reflect.DelegatingMethodAccessorImpl.invoke(DelegatingMethodAccessorImpl.java:43)
	at java.lang.reflect.Method.invoke(Method.java:498)
	at org.gradle.internal.dispatch.ReflectionDispatch.dispatch(ReflectionDispatch.java:36)
	at org.gradle.internal.dispatch.ReflectionDispatch.dispatch(ReflectionDispatch.java:24)
	at org.gradle.internal.remote.internal.hub.MessageHubBackedObjectConnection$DispatchWrapper.dispatch(MessageHubBackedObjectConnection.java:182)
	at org.gradle.internal.remote.internal.hub.MessageHubBackedObjectConnection$DispatchWrapper.dispatch(MessageHubBackedObjectConnection.java:164)
	at org.gradle.internal.remote.internal.hub.MessageHub$Handler.run(MessageHub.java:414)
	at org.gradle.internal.concurrent.ExecutorPolicy$CatchAndRecordFailures.onExecute(ExecutorPolicy.java:64)
	at org.gradle.internal.concurrent.ManagedExecutorImpl$1.run(ManagedExecutorImpl.java:48)
	at java.util.concurrent.ThreadPoolExecutor.runWorker(ThreadPoolExecutor.java:1149)
	at java.util.concurrent.ThreadPoolExecutor$Worker.run(ThreadPoolExecutor.java:624)
	at org.gradle.internal.concurrent.ThreadFactoryImpl$ManagedThreadRunnable.run(ThreadFactoryImpl.java:56)
	at java.lang.Thread.run(Thread.java:748)
</textarea></span>
												</div>
											</div>
											<div class="st skip test l3" 
												tags=""
												devices="">
												<span class="tt">04.19.2022 16:05:58</span>&nbsp;
												<span class="ts">skip</span>&nbsp;&nbsp;
												<span class="tn">&nbsp;&nbsp;&nbsp;&nbsp;&nbsp;&nbsp;&nbsp;&nbsp;|---[And Selecciono producto 2] started</span>
												
												<div class="st skip">
													<span class="tt">04.19.2022 16:05:58</span>&nbsp;
													<span class="ts">skip</span>&nbsp;&nbsp; 
													<span class="tn">&nbsp;&nbsp;&nbsp;&nbsp;&nbsp;&nbsp;&nbsp;&nbsp;|---[And Selecciono producto 2]</span>
													
													<span class="td">Step skipped</span>
												</div>
											</div>
											<div class="st skip test l3" 
												tags=""
												devices="">
												<span class="tt">04.19.2022 16:05:58</span>&nbsp;
												<span class="ts">skip</span>&nbsp;&nbsp;
												<span class="tn">&nbsp;&nbsp;&nbsp;&nbsp;&nbsp;&nbsp;&nbsp;&nbsp;|---[And Dar click a boton de Siman Pro] started</span>
												
												<div class="st skip">
													<span class="tt">04.19.2022 16:05:58</span>&nbsp;
													<span class="ts">skip</span>&nbsp;&nbsp; 
													<span class="tn">&nbsp;&nbsp;&nbsp;&nbsp;&nbsp;&nbsp;&nbsp;&nbsp;|---[And Dar click a boton de Siman Pro]</span>
													
													<span class="td">Step skipped</span>
												</div>
											</div>
											<div class="st skip test l3" 
												tags=""
												devices="">
												<span class="tt">04.19.2022 16:05:58</span>&nbsp;
												<span class="ts">skip</span>&nbsp;&nbsp;
												<span class="tn">&nbsp;&nbsp;&nbsp;&nbsp;&nbsp;&nbsp;&nbsp;&nbsp;|---[And Doy click al boton comprar] started</span>
												
												<div class="st skip">
													<span class="tt">04.19.2022 16:05:58</span>&nbsp;
													<span class="ts">skip</span>&nbsp;&nbsp; 
													<span class="tn">&nbsp;&nbsp;&nbsp;&nbsp;&nbsp;&nbsp;&nbsp;&nbsp;|---[And Doy click al boton comprar]</span>
													
													<span class="td">Step skipped</span>
												</div>
											</div>
											<div class="st skip test l3" 
												tags=""
												devices="">
												<span class="tt">04.19.2022 16:05:58</span>&nbsp;
												<span class="ts">skip</span>&nbsp;&nbsp;
												<span class="tn">&nbsp;&nbsp;&nbsp;&nbsp;&nbsp;&nbsp;&nbsp;&nbsp;|---[And Doy click al boton finalizar compra] started</span>
												
												<div class="st skip">
													<span class="tt">04.19.2022 16:05:58</span>&nbsp;
													<span class="ts">skip</span>&nbsp;&nbsp; 
													<span class="tn">&nbsp;&nbsp;&nbsp;&nbsp;&nbsp;&nbsp;&nbsp;&nbsp;|---[And Doy click al boton finalizar compra]</span>
													
													<span class="td">Step skipped</span>
												</div>
											</div>
											<div class="st skip test l3" 
												tags=""
												devices="">
												<span class="tt">04.19.2022 16:05:58</span>&nbsp;
												<span class="ts">skip</span>&nbsp;&nbsp;
												<span class="tn">&nbsp;&nbsp;&nbsp;&nbsp;&nbsp;&nbsp;&nbsp;&nbsp;|---[And Elijo metodo de pago meses sin intereses] started</span>
												
												<div class="st skip">
													<span class="tt">04.19.2022 16:05:58</span>&nbsp;
													<span class="ts">skip</span>&nbsp;&nbsp; 
													<span class="tn">&nbsp;&nbsp;&nbsp;&nbsp;&nbsp;&nbsp;&nbsp;&nbsp;|---[And Elijo metodo de pago meses sin intereses]</span>
													
													<span class="td">Step skipped</span>
												</div>
											</div>
											<div class="st skip test l3" 
												tags=""
												devices="">
												<span class="tt">04.19.2022 16:05:58</span>&nbsp;
												<span class="ts">skip</span>&nbsp;&nbsp;
												<span class="tn">&nbsp;&nbsp;&nbsp;&nbsp;&nbsp;&nbsp;&nbsp;&nbsp;|---[And Elejir BAC] started</span>
												
												<div class="st skip">
													<span class="tt">04.19.2022 16:05:58</span>&nbsp;
													<span class="ts">skip</span>&nbsp;&nbsp; 
													<span class="tn">&nbsp;&nbsp;&nbsp;&nbsp;&nbsp;&nbsp;&nbsp;&nbsp;|---[And Elejir BAC]</span>
													
													<span class="td">Step skipped</span>
												</div>
											</div>
											<div class="st skip test l3" 
												tags=""
												devices="">
												<span class="tt">04.19.2022 16:05:58</span>&nbsp;
												<span class="ts">skip</span>&nbsp;&nbsp;
												<span class="tn">&nbsp;&nbsp;&nbsp;&nbsp;&nbsp;&nbsp;&nbsp;&nbsp;|---[And Elijo 2 de meses] started</span>
												
												<div class="st skip">
													<span class="tt">04.19.2022 16:05:58</span>&nbsp;
													<span class="ts">skip</span>&nbsp;&nbsp; 
													<span class="tn">&nbsp;&nbsp;&nbsp;&nbsp;&nbsp;&nbsp;&nbsp;&nbsp;|---[And Elijo 2 de meses]</span>
													
													<span class="td">Step skipped</span>
												</div>
											</div>
											<div class="st skip test l3" 
												tags=""
												devices="">
												<span class="tt">04.19.2022 16:05:58</span>&nbsp;
												<span class="ts">skip</span>&nbsp;&nbsp;
												<span class="tn">&nbsp;&nbsp;&nbsp;&nbsp;&nbsp;&nbsp;&nbsp;&nbsp;|---[And Doy click al boton de comprar ahora] started</span>
												
												<div class="st skip">
													<span class="tt">04.19.2022 16:05:58</span>&nbsp;
													<span class="ts">skip</span>&nbsp;&nbsp; 
													<span class="tn">&nbsp;&nbsp;&nbsp;&nbsp;&nbsp;&nbsp;&nbsp;&nbsp;|---[And Doy click al boton de comprar ahora]</span>
													
													<span class="td">Step skipped</span>
												</div>
											</div>
											<div class="st skip test l3" 
												tags=""
												devices="">
												<span class="tt">04.19.2022 16:05:58</span>&nbsp;
												<span class="ts">skip</span>&nbsp;&nbsp;
												<span class="tn">&nbsp;&nbsp;&nbsp;&nbsp;&nbsp;&nbsp;&nbsp;&nbsp;|---[Then Producto fue comprado exitosamente] started</span>
												
												<div class="st skip">
													<span class="tt">04.19.2022 16:05:58</span>&nbsp;
													<span class="ts">skip</span>&nbsp;&nbsp; 
													<span class="tn">&nbsp;&nbsp;&nbsp;&nbsp;&nbsp;&nbsp;&nbsp;&nbsp;|---[Then Producto fue comprado exitosamente]</span>
													
													<span class="td">Step skipped</span>
												</div>
											</div>
											<div class="st fail test l2" 
												tags="@Productos"
												devices="">
												<span class="tt">04.19.2022 16:05:58</span>&nbsp;
												<span class="ts">fail</span>&nbsp;&nbsp;
												<span class="tn">&nbsp;&nbsp;&nbsp;&nbsp;|---[Probar metodo meses sin intereses con SP] started</span>
												<span class="category-list">
													<span class="category badge"><i class="fa fa-tag"></i> @Productos</span>
												</span>
												
											</div>
											<div class="st fail test l3" 
												tags=""
												devices="">
												<span class="tt">04.19.2022 16:05:58</span>&nbsp;
												<span class="ts">fail</span>&nbsp;&nbsp;
												<span class="tn">&nbsp;&nbsp;&nbsp;&nbsp;&nbsp;&nbsp;&nbsp;&nbsp;|---[Given Navego a siman.com] started</span>
												
												<div class="st fail">
													<span class="tt">04.19.2022 16:05:58</span>&nbsp;
													<span class="ts">fail</span>&nbsp;&nbsp; 
													<span class="tn">&nbsp;&nbsp;&nbsp;&nbsp;&nbsp;&nbsp;&nbsp;&nbsp;|---[Given Navego a siman.com]</span>
													
													<span class="td">threw an exception<br><textarea disabled class="code-block">org.openqa.selenium.NoSuchWindowException: no such window: target window already closed
from unknown error: web view not found
  (Session info: chrome=100.0.4896.127)
Build info: version: '3.141.59', revision: 'e82be7d358', time: '2018-11-14T08:17:03'
System info: host: 'DESKTOP-6KEC16J', ip: '192.168.56.1', os.name: 'Windows 10', os.arch: 'amd64', os.version: '10.0', java.version: '1.8.0_301'
Driver info: org.openqa.selenium.chrome.ChromeDriver
Capabilities {acceptInsecureCerts: false, browserName: chrome, browserVersion: 100.0.4896.127, chrome: {chromedriverVersion: 100.0.4896.60 (6a5d10861ce8..., userDataDir: C:\Users\eduar\AppData\Loca...}, goog:chromeOptions: {debuggerAddress: localhost:61524}, javascriptEnabled: true, networkConnectionEnabled: false, pageLoadStrategy: normal, platform: WINDOWS, platformName: WINDOWS, proxy: Proxy(), setWindowRect: true, strictFileInteractability: false, timeouts: {implicit: 0, pageLoad: 300000, script: 30000}, unhandledPromptBehavior: dismiss and notify, webauthn:extension:credBlob: true, webauthn:extension:largeBlob: true, webauthn:virtualAuthenticators: true}
Session ID: cbae7f0df08dc53057d3b061be07a322
	at sun.reflect.GeneratedConstructorAccessor16.newInstance(Unknown Source)
	at sun.reflect.DelegatingConstructorAccessorImpl.newInstance(DelegatingConstructorAccessorImpl.java:45)
	at java.lang.reflect.Constructor.newInstance(Constructor.java:423)
	at org.openqa.selenium.remote.http.W3CHttpResponseCodec.createException(W3CHttpResponseCodec.java:187)
	at org.openqa.selenium.remote.http.W3CHttpResponseCodec.decode(W3CHttpResponseCodec.java:122)
	at org.openqa.selenium.remote.http.W3CHttpResponseCodec.decode(W3CHttpResponseCodec.java:49)
	at org.openqa.selenium.remote.HttpCommandExecutor.execute(HttpCommandExecutor.java:158)
	at org.openqa.selenium.remote.service.DriverCommandExecutor.execute(DriverCommandExecutor.java:83)
	at org.openqa.selenium.remote.RemoteWebDriver.execute(RemoteWebDriver.java:552)
	at org.openqa.selenium.remote.RemoteWebDriver.execute(RemoteWebDriver.java:609)
	at org.openqa.selenium.remote.RemoteWebDriver$RemoteWebDriverOptions$RemoteWindow.maximize(RemoteWebDriver.java:837)
	at pages.BasePage.maxWindow(BasePage.java:201)
	at steps.ProductosSteps.navigateToSimanPage(ProductosSteps.java:17)
	at ?.Navego a siman.com(src/test/resources/features/Productos.feature:6)
</textarea></span>
												</div>
											</div>
											<div class="st skip test l3" 
												tags=""
												devices="">
												<span class="tt">04.19.2022 16:05:58</span>&nbsp;
												<span class="ts">skip</span>&nbsp;&nbsp;
												<span class="tn">&nbsp;&nbsp;&nbsp;&nbsp;&nbsp;&nbsp;&nbsp;&nbsp;|---[When Busco -100486 en siman.com] started</span>
												
												<div class="st skip">
													<span class="tt">04.19.2022 16:05:58</span>&nbsp;
													<span class="ts">skip</span>&nbsp;&nbsp; 
													<span class="tn">&nbsp;&nbsp;&nbsp;&nbsp;&nbsp;&nbsp;&nbsp;&nbsp;|---[When Busco -100486 en siman.com]</span>
													
													<span class="td">Step skipped</span>
												</div>
											</div>
											<div class="st skip test l3" 
												tags=""
												devices="">
												<span class="tt">04.19.2022 16:05:58</span>&nbsp;
												<span class="ts">skip</span>&nbsp;&nbsp;
												<span class="tn">&nbsp;&nbsp;&nbsp;&nbsp;&nbsp;&nbsp;&nbsp;&nbsp;|---[And Selecciono producto 2] started</span>
												
												<div class="st skip">
													<span class="tt">04.19.2022 16:05:58</span>&nbsp;
													<span class="ts">skip</span>&nbsp;&nbsp; 
													<span class="tn">&nbsp;&nbsp;&nbsp;&nbsp;&nbsp;&nbsp;&nbsp;&nbsp;|---[And Selecciono producto 2]</span>
													
													<span class="td">Step skipped</span>
												</div>
											</div>
											<div class="st skip test l3" 
												tags=""
												devices="">
												<span class="tt">04.19.2022 16:05:58</span>&nbsp;
												<span class="ts">skip</span>&nbsp;&nbsp;
												<span class="tn">&nbsp;&nbsp;&nbsp;&nbsp;&nbsp;&nbsp;&nbsp;&nbsp;|---[And Dar click a boton de Siman Pro] started</span>
												
												<div class="st skip">
													<span class="tt">04.19.2022 16:05:58</span>&nbsp;
													<span class="ts">skip</span>&nbsp;&nbsp; 
													<span class="tn">&nbsp;&nbsp;&nbsp;&nbsp;&nbsp;&nbsp;&nbsp;&nbsp;|---[And Dar click a boton de Siman Pro]</span>
													
													<span class="td">Step skipped</span>
												</div>
											</div>
											<div class="st skip test l3" 
												tags=""
												devices="">
												<span class="tt">04.19.2022 16:05:58</span>&nbsp;
												<span class="ts">skip</span>&nbsp;&nbsp;
												<span class="tn">&nbsp;&nbsp;&nbsp;&nbsp;&nbsp;&nbsp;&nbsp;&nbsp;|---[And Doy click al boton comprar] started</span>
												
												<div class="st skip">
													<span class="tt">04.19.2022 16:05:58</span>&nbsp;
													<span class="ts">skip</span>&nbsp;&nbsp; 
													<span class="tn">&nbsp;&nbsp;&nbsp;&nbsp;&nbsp;&nbsp;&nbsp;&nbsp;|---[And Doy click al boton comprar]</span>
													
													<span class="td">Step skipped</span>
												</div>
											</div>
											<div class="st skip test l3" 
												tags=""
												devices="">
												<span class="tt">04.19.2022 16:05:58</span>&nbsp;
												<span class="ts">skip</span>&nbsp;&nbsp;
												<span class="tn">&nbsp;&nbsp;&nbsp;&nbsp;&nbsp;&nbsp;&nbsp;&nbsp;|---[And Doy click al boton finalizar compra] started</span>
												
												<div class="st skip">
													<span class="tt">04.19.2022 16:05:58</span>&nbsp;
													<span class="ts">skip</span>&nbsp;&nbsp; 
													<span class="tn">&nbsp;&nbsp;&nbsp;&nbsp;&nbsp;&nbsp;&nbsp;&nbsp;|---[And Doy click al boton finalizar compra]</span>
													
													<span class="td">Step skipped</span>
												</div>
											</div>
											<div class="st skip test l3" 
												tags=""
												devices="">
												<span class="tt">04.19.2022 16:05:58</span>&nbsp;
												<span class="ts">skip</span>&nbsp;&nbsp;
												<span class="tn">&nbsp;&nbsp;&nbsp;&nbsp;&nbsp;&nbsp;&nbsp;&nbsp;|---[And Elijo metodo de pago meses sin intereses] started</span>
												
												<div class="st skip">
													<span class="tt">04.19.2022 16:05:58</span>&nbsp;
													<span class="ts">skip</span>&nbsp;&nbsp; 
													<span class="tn">&nbsp;&nbsp;&nbsp;&nbsp;&nbsp;&nbsp;&nbsp;&nbsp;|---[And Elijo metodo de pago meses sin intereses]</span>
													
													<span class="td">Step skipped</span>
												</div>
											</div>
											<div class="st skip test l3" 
												tags=""
												devices="">
												<span class="tt">04.19.2022 16:05:58</span>&nbsp;
												<span class="ts">skip</span>&nbsp;&nbsp;
												<span class="tn">&nbsp;&nbsp;&nbsp;&nbsp;&nbsp;&nbsp;&nbsp;&nbsp;|---[And Elejir BAC] started</span>
												
												<div class="st skip">
													<span class="tt">04.19.2022 16:05:58</span>&nbsp;
													<span class="ts">skip</span>&nbsp;&nbsp; 
													<span class="tn">&nbsp;&nbsp;&nbsp;&nbsp;&nbsp;&nbsp;&nbsp;&nbsp;|---[And Elejir BAC]</span>
													
													<span class="td">Step skipped</span>
												</div>
											</div>
											<div class="st skip test l3" 
												tags=""
												devices="">
												<span class="tt">04.19.2022 16:05:58</span>&nbsp;
												<span class="ts">skip</span>&nbsp;&nbsp;
												<span class="tn">&nbsp;&nbsp;&nbsp;&nbsp;&nbsp;&nbsp;&nbsp;&nbsp;|---[And Elijo 2 de meses] started</span>
												
												<div class="st skip">
													<span class="tt">04.19.2022 16:05:58</span>&nbsp;
													<span class="ts">skip</span>&nbsp;&nbsp; 
													<span class="tn">&nbsp;&nbsp;&nbsp;&nbsp;&nbsp;&nbsp;&nbsp;&nbsp;|---[And Elijo 2 de meses]</span>
													
													<span class="td">Step skipped</span>
												</div>
											</div>
											<div class="st skip test l3" 
												tags=""
												devices="">
												<span class="tt">04.19.2022 16:05:58</span>&nbsp;
												<span class="ts">skip</span>&nbsp;&nbsp;
												<span class="tn">&nbsp;&nbsp;&nbsp;&nbsp;&nbsp;&nbsp;&nbsp;&nbsp;|---[And Doy click al boton de comprar ahora] started</span>
												
												<div class="st skip">
													<span class="tt">04.19.2022 16:05:58</span>&nbsp;
													<span class="ts">skip</span>&nbsp;&nbsp; 
													<span class="tn">&nbsp;&nbsp;&nbsp;&nbsp;&nbsp;&nbsp;&nbsp;&nbsp;|---[And Doy click al boton de comprar ahora]</span>
													
													<span class="td">Step skipped</span>
												</div>
											</div>
											<div class="st skip test l3" 
												tags=""
												devices="">
												<span class="tt">04.19.2022 16:05:58</span>&nbsp;
												<span class="ts">skip</span>&nbsp;&nbsp;
												<span class="tn">&nbsp;&nbsp;&nbsp;&nbsp;&nbsp;&nbsp;&nbsp;&nbsp;|---[Then Producto fue comprado exitosamente] started</span>
												
												<div class="st skip">
													<span class="tt">04.19.2022 16:05:58</span>&nbsp;
													<span class="ts">skip</span>&nbsp;&nbsp; 
													<span class="tn">&nbsp;&nbsp;&nbsp;&nbsp;&nbsp;&nbsp;&nbsp;&nbsp;|---[Then Producto fue comprado exitosamente]</span>
													
													<span class="td">Step skipped</span>
												</div>
											</div>
											</div>
									</div>
								</div>
							</div>
						</div>
					</div>
				</div>
			</div>
		</div>
		<script src="https://cdn.rawgit.com/extent-framework/extent-github-cdn/d74480e/logger/js/logger-scripts.js"></script>
	</body>
</html>
